<?xml version="1.0" encoding="UTF-8"?>
<testsuite name="org.webpieces.app.old.TestLesson3BasicStart" tests="1" skipped="0" failures="0" errors="0" timestamp="2017-06-28T21:17:43" hostname="tw-mbp-pstover" time="0.41">
  <properties/>
  <testcase name="testBasicProdStartup" classname="org.webpieces.app.old.TestLesson3BasicStart" time="0.41"/>
  <system-out><![CDATA[2017-06-28 15:17:43,269 [Test worker] Caller+1	 at net.sf.log4jdbc.StatementSpy._reportSql(StatementSpy.java:328)
 INFO: DROP ALL OBJECTS 

2017-06-28 15:17:43,274 [Test worker] Caller+1	 at org.webpieces.app.Server.<init>(Server.java:69)
 INFO: original user.dir before modification=/Users/pstover/workspace/feature-test-blog/featuretestapp/src/dist
2017-06-28 15:17:43,274 [Test worker] Caller+1	 at org.webpieces.app.Server.modifyUserDirForManyEnvironments(Server.java:146)
 INFO: RECONFIGURED user.dir=/Users/pstover/workspace/feature-test-blog/featuretestapp/src/dist
2017-06-28 15:17:43,303 [Test worker] Caller+1	 at org.webpieces.webserver.impl.WebServerImpl.startAsync(WebServerImpl.java:67)
 INFO: starting server
2017-06-28 15:17:43,303 [Test worker] Caller+1	 at org.webpieces.router.impl.ProdRouterService.start(ProdRouterService.java:47)
 INFO: Starting PROD server with NO compiling classloader
2017-06-28 15:17:43,303 [Test worker] Caller+1	 at org.webpieces.router.impl.RouteLoader.loadImpl(RouteLoader.java:80)
 INFO: loading the master WebAppMeta class file
2017-06-28 15:17:43,303 [Test worker] Caller+1	 at org.webpieces.router.impl.RouteLoader.loadImpl(RouteLoader.java:89)
 INFO: WebAppMeta class to load=org.webpieces.app.base.FeatureTestAppMeta
2017-06-28 15:17:43,303 [Test worker] Caller+1	 at org.webpieces.router.impl.RouteLoader.loadImpl(RouteLoader.java:104)
 INFO: WebAppMeta loaded.  initializing next
2017-06-28 15:17:43,304 [Test worker] Caller+1	 at org.webpieces.router.impl.RouteLoader.loadImpl(RouteLoader.java:108)
 INFO: WebAppMeta initialized.
2017-06-28 15:17:43,305 [Test worker] Caller+1	 at org.webpieces.app.base.FeatureTestAppMeta.getPlugins(FeatureTestAppMeta.java:56)
 INFO: classloader for meta=sun.misc.Launcher$AppClassLoader@2a139a55
2017-06-28 15:17:43,305 [Test worker] Caller+1	 at org.webpieces.plugins.hibernate.HibernatePlugin.<init>(HibernatePlugin.java:23)
 INFO: classloader=sun.misc.Launcher$AppClassLoader@2a139a55
2017-06-28 15:17:43,315 [Test worker] Caller+1	 at org.webpieces.router.impl.AbstractRouterService.runStartupHooks(AbstractRouterService.java:114)
 INFO: Running startup hooks for server
2017-06-28 15:17:43,315 [Test worker] Caller+1	 at org.webpieces.plugins.hibernate.HibernateModule.providesSessionFactory(HibernateModule.java:43)
 INFO: Loading Hibernate.  ENTITY classloader=sun.misc.Launcher$AppClassLoader@2a139a55 hibernate classloader=sun.misc.Launcher$AppClassLoader@2a139a55
2017-06-28 15:17:43,329 [Test worker] Caller+1	 at org.hibernate.jpa.boot.internal.EntityManagerFactoryBuilderImpl.<init>(EntityManagerFactoryBuilderImpl.java:184)
 INFO: HHH000204: Processing PersistenceUnitInfo [
	name: hibernatefortest
	...]
2017-06-28 15:17:43,341 [Test worker] Caller+1	 at org.hibernate.engine.jdbc.connections.internal.DriverManagerConnectionProviderImpl.buildPool(DriverManagerConnectionProviderImpl.java:100)
 INFO: HHH10001005: using driver [net.sf.log4jdbc.DriverSpy] at URL [jdbc:log4jdbc:h2:mem:test]
2017-06-28 15:17:43,342 [Test worker] Caller+1	 at org.hibernate.engine.jdbc.connections.internal.DriverManagerConnectionProviderImpl.buildPool(DriverManagerConnectionProviderImpl.java:100)
 INFO: HHH10001001: Connection properties: {user=sa}
2017-06-28 15:17:43,342 [Test worker] Caller+1	 at org.hibernate.engine.jdbc.connections.internal.DriverManagerConnectionProviderImpl.buildPool(DriverManagerConnectionProviderImpl.java:100)
 INFO: HHH10001003: Autocommit mode: false
2017-06-28 15:17:43,342 [Test worker] Caller+1	 at org.hibernate.engine.jdbc.connections.internal.PooledConnections.<init>(PooledConnections.java:20)
 INFO: HHH000115: Hibernate connection pool size: 20 (min=1)
2017-06-28 15:17:43,343 [Test worker] Caller+1	 at org.hibernate.dialect.H2Dialect.<init>(H2Dialect.java:81)
 INFO: HHH000400: Using dialect: org.hibernate.dialect.H2Dialect
2017-06-28 15:17:43,365 [Test worker] Caller+1	 at org.hibernate.tool.schema.internal.exec.ImprovedExtractionContextImpl.getJdbcConnection(ImprovedExtractionContextImpl.java:60)
 INFO: HHH10001501: Connection obtained from JdbcConnectionAccess [org.hibernate.engine.jdbc.env.internal.JdbcEnvironmentInitiator$ConnectionProviderJdbcConnectionAccess@72896c49] for (non-JTA) DDL execution was not in auto-commit mode; the Connection 'local transaction' will be committed and the Connection will be set into auto-commit mode.
2017-06-28 15:17:43,365 [Test worker] Caller+1	 at net.sf.log4jdbc.StatementSpy._reportSql(StatementSpy.java:328)
 INFO: select SEQUENCE_CATALOG, SEQUENCE_SCHEMA, SEQUENCE_NAME, INCREMENT from information_schema.sequences 

2017-06-28 15:17:43,371 [Test worker] Caller+1	 at net.sf.log4jdbc.StatementSpy._reportSql(StatementSpy.java:328)
 INFO: create table TWEETS (id integer not null, fromUser varchar(255), text varchar(255), primary 
key (id)) 

2017-06-28 15:17:43,372 [Test worker] Caller+1	 at net.sf.log4jdbc.StatementSpy._reportSql(StatementSpy.java:328)
 INFO: create table USERS (id integer not null, email varchar(255), firstName varchar(255), lastName 
varchar(255), name varchar(255), phone varchar(255), manager_id integer, primary key (id)) 

2017-06-28 15:17:43,373 [Test worker] Caller+1	 at net.sf.log4jdbc.StatementSpy._reportSql(StatementSpy.java:328)
 INFO: alter table USERS drop constraint if exists UK_avh1b2ec82audum2lyjx2p1ws 

2017-06-28 15:17:43,374 [Test worker] Caller+1	 at net.sf.log4jdbc.StatementSpy._reportSql(StatementSpy.java:328)
 INFO: alter table USERS add constraint UK_avh1b2ec82audum2lyjx2p1ws unique (email) 

2017-06-28 15:17:43,375 [Test worker] Caller+1	 at net.sf.log4jdbc.StatementSpy._reportSql(StatementSpy.java:328)
 INFO: create sequence tweet_sequence start with 1 increment by 10 

2017-06-28 15:17:43,375 [Test worker] Caller+1	 at net.sf.log4jdbc.StatementSpy._reportSql(StatementSpy.java:328)
 INFO: create sequence user_sequence start with 1 increment by 10 

2017-06-28 15:17:43,376 [Test worker] Caller+1	 at net.sf.log4jdbc.StatementSpy._reportSql(StatementSpy.java:328)
 INFO: alter table USERS add constraint FK1nhe49iwrvx5s4tjnacu9ej8v foreign key (manager_id) references 
USERS 

2017-06-28 15:17:43,380 [Test worker] Caller+1	 at org.hibernate.hql.internal.QueryTranslatorFactoryInitiator.initiateService(QueryTranslatorFactoryInitiator.java:26)
 INFO: HHH000397: Using ASTQueryTranslatorFactory
2017-06-28 15:17:43,388 [Test worker] Caller+1	 at org.webpieces.plugins.hibernate.HibernateModule.providesSessionFactory(HibernateModule.java:46)
 INFO: Done loading Hibernate
2017-06-28 15:17:43,389 [Test worker] Caller+1	 at org.webpieces.router.impl.AbstractRouterService.runStartupHook(AbstractRouterService.java:126)
 INFO: starting startup hook=PopulateDatabase
2017-06-28 15:17:43,389 [Test worker] Caller+1	 at net.sf.log4jdbc.StatementSpy._reportSql(StatementSpy.java:328)
 INFO: select userdbo0_.id as id1_1_, userdbo0_.email as email2_1_, userdbo0_.firstName as firstNam3_1_, 
userdbo0_.lastName as lastName4_1_, userdbo0_.manager_id as manager_7_1_, userdbo0_.name as 
name5_1_, userdbo0_.phone as phone6_1_ from USERS userdbo0_ 

2017-06-28 15:17:43,391 [Test worker] Caller+1	 at net.sf.log4jdbc.StatementSpy._reportSql(StatementSpy.java:328)
 INFO: select tweetdbo0_.id as id1_0_, tweetdbo0_.fromUser as fromUser2_0_, tweetdbo0_.text as text3_0_ 
from TWEETS tweetdbo0_ 

2017-06-28 15:17:43,391 [Test worker] Caller+1	 at net.sf.log4jdbc.StatementSpy._reportSql(StatementSpy.java:328)
 INFO: call next value for user_sequence 

2017-06-28 15:17:43,392 [Test worker] Caller+1	 at net.sf.log4jdbc.StatementSpy._reportSql(StatementSpy.java:328)
 INFO: call next value for user_sequence 

2017-06-28 15:17:43,394 [Test worker] Caller+1	 at net.sf.log4jdbc.StatementSpy._reportSql(StatementSpy.java:328)
 INFO: insert into USERS (email, firstName, lastName, manager_id, name, phone, id) values ('dean@somewhere.com', 
'Dean', 'Hiller', NULL, 'dhiller', NULL, 1) 

2017-06-28 15:17:43,395 [Test worker] Caller+1	 at net.sf.log4jdbc.StatementSpy._reportSql(StatementSpy.java:328)
 INFO: insert into USERS (email, firstName, lastName, manager_id, name, phone, id) values ('patrick@somewhere.com', 
'Patrick', 'Stover', NULL, 'pstover', NULL, 2) 

2017-06-28 15:17:43,396 [Test worker] Caller+1	 at net.sf.log4jdbc.StatementSpy._reportSql(StatementSpy.java:328)
 INFO: call next value for tweet_sequence 

2017-06-28 15:17:43,397 [Test worker] Caller+1	 at net.sf.log4jdbc.StatementSpy._reportSql(StatementSpy.java:328)
 INFO: call next value for tweet_sequence 

2017-06-28 15:17:43,398 [Test worker] Caller+1	 at net.sf.log4jdbc.StatementSpy._reportSql(StatementSpy.java:328)
 INFO: insert into TWEETS (fromUser, text, id) values ('pstover', 'just setting up my twttr', 1) 

2017-06-28 15:17:43,399 [Test worker] Caller+1	 at net.sf.log4jdbc.StatementSpy._reportSql(StatementSpy.java:328)
 INFO: insert into TWEETS (fromUser, text, id) values ('dhiller', 'testing', 2) 

2017-06-28 15:17:43,400 [Test worker] Caller+1	 at org.webpieces.router.impl.AbstractRouterService.runStartupHook(AbstractRouterService.java:128)
 INFO: Successfully ran startup hook=PopulateDatabase
2017-06-28 15:17:43,400 [Test worker] Caller+1	 at org.webpieces.router.impl.AbstractRouterService.runStartupHooks(AbstractRouterService.java:121)
 INFO: Ran all startup hooks
2017-06-28 15:17:43,400 [Test worker] Caller+1	 at org.webpieces.router.impl.RouteLoader.loadAllRoutes(RouteLoader.java:151)
 INFO: adding routes
2017-06-28 15:17:43,400 [Test worker] Caller+1	 at org.webpieces.app.base.FeatureTestAppMeta.getPlugins(FeatureTestAppMeta.java:56)
 INFO: classloader for meta=sun.misc.Launcher$AppClassLoader@2a139a55
2017-06-28 15:17:43,400 [Test worker] Caller+1	 at org.webpieces.plugins.hibernate.HibernatePlugin.<init>(HibernatePlugin.java:23)
 INFO: classloader=sun.misc.Launcher$AppClassLoader@2a139a55
2017-06-28 15:17:43,401 [Test worker] Caller+1	 at org.webpieces.router.impl.model.AbstractRouteBuilder.addRoute(AbstractRouteBuilder.java:57)
 INFO: scope:'http(s)://<xxxhost>' adding route=GET / method=ExamplesController.index
2017-06-28 15:17:43,401 [Test worker] Caller+1	 at org.webpieces.router.impl.model.R1RouterBuilder.addStaticRoute(R1RouterBuilder.java:91)
 INFO: scope:'http(s)://<xxxhost>' adding static route=/assets/ fileSystemPath=/Users/pstover/workspace/feature-test-blog/featuretestapp/src/dist/public/
2017-06-28 15:17:43,402 [Test worker] Caller+1	 at org.webpieces.router.impl.model.R1RouterBuilder.addStaticRoute(R1RouterBuilder.java:91)
 INFO: scope:'http(s)://<xxxhost>' adding static route=/favicon.ico fileSystemPath=/Users/pstover/workspace/feature-test-blog/featuretestapp/src/dist/public/favicon.ico
2017-06-28 15:17:43,402 [Test worker] Caller+1	 at org.webpieces.router.impl.model.R1RouterBuilder.addStaticRoute(R1RouterBuilder.java:91)
 INFO: scope:'http(s)://<xxxhost>' adding static route=/test.css fileSystemPath=/Users/pstover/workspace/feature-test-blog/featuretestapp/src/dist/public/crud/fonts.css
2017-06-28 15:17:43,402 [Test worker] Caller+1	 at org.webpieces.router.impl.model.AbstractDomainBuilder.setNotFoundRoute(AbstractDomainBuilder.java:30)
 INFO: scope:'http(s)://<xxxhost>' adding PAGE_NOT_FOUND route=null method=ExamplesController.notFound
2017-06-28 15:17:43,402 [Test worker] Caller+1	 at org.webpieces.router.impl.model.AbstractDomainBuilder.setInternalSvrErrorRoute(AbstractDomainBuilder.java:45)
 INFO: scope:'http(s)://<xxxhost>' adding INTERNAL_SVR_ERROR route=null method=ExamplesController.internalError
2017-06-28 15:17:43,403 [Test worker] Caller+1	 at org.webpieces.router.impl.model.AbstractRouteBuilder.addRoute(AbstractRouteBuilder.java:57)
 INFO: scope:'http(s)://<xxxhost>/json' adding route=GET /json/ method=JsonController.index
2017-06-28 15:17:43,405 [Test worker] Caller+1	 at org.webpieces.router.impl.model.AbstractRouteBuilder.addRoute(AbstractRouteBuilder.java:57)
 INFO: scope:'http(s)://<xxxhost>/json' adding route=GET /json/search method=JsonController.search
2017-06-28 15:17:43,406 [Test worker] Caller+1	 at org.webpieces.router.impl.RouteLoader.loadAllRoutes(RouteLoader.java:175)
 INFO: added all routes to router.  Applying Filters
2017-06-28 15:17:43,407 [Test worker] Caller+1	 at org.webpieces.router.impl.RouteLoader.loadAllRoutes(RouteLoader.java:188)
 INFO: all filters applied
2017-06-28 15:17:43,407 [Test worker] Caller+1	 at org.webpieces.router.impl.compression.ProdCompressionCacheSetup.setupCache(ProdCompressionCacheSetup.java:50)
 INFO: setting up compressed cache directories
2017-06-28 15:17:43,408 [Test worker] Caller+1	 at org.webpieces.router.impl.compression.ProdCompressionCacheSetup.createCache(ProdCompressionCacheSetup.java:72)
 INFO: setting up cache for directory=/Users/pstover/workspace/feature-test-blog/featuretestapp/src/dist/public
2017-06-28 15:17:43,408 [Test worker] Caller+1	 at org.webpieces.router.impl.compression.ProdCompressionCacheSetup.maybeAddFileToCache(ProdCompressionCacheSetup.java:147)
 INFO: timestamp later than src so skipping writing to=/var/folders/jw/l5xv7p2n5zx2_c89l7vslcs00000gn/T/webpiecesCache/assets/crud/assets/bootstrap/css/bootstrap.css.gz
2017-06-28 15:17:43,409 [Test worker] Caller+1	 at org.webpieces.router.impl.compression.ProdCompressionCacheSetup.maybeAddFileToCache(ProdCompressionCacheSetup.java:147)
 INFO: timestamp later than src so skipping writing to=/var/folders/jw/l5xv7p2n5zx2_c89l7vslcs00000gn/T/webpiecesCache/assets/crud/assets/bootstrap/css/bootstrap.min.css.gz
2017-06-28 15:17:43,409 [Test worker] Caller+1	 at org.webpieces.router.impl.compression.CompressionDecider.isCompressableType(CompressionDecider.java:18)
 INFO: skipping compression for file due to extension=png and mimetype=MimeTypeResult [mime=image/png, htmlResponsePayloadEncoding=UTF-8]
2017-06-28 15:17:43,409 [Test worker] Caller+1	 at org.webpieces.router.impl.compression.CompressionDecider.isCompressableType(CompressionDecider.java:18)
 INFO: skipping compression for file due to extension=png and mimetype=MimeTypeResult [mime=image/png, htmlResponsePayloadEncoding=UTF-8]
2017-06-28 15:17:43,410 [Test worker] Caller+1	 at org.webpieces.router.impl.compression.ProdCompressionCacheSetup.maybeAddFileToCache(ProdCompressionCacheSetup.java:147)
 INFO: timestamp later than src so skipping writing to=/var/folders/jw/l5xv7p2n5zx2_c89l7vslcs00000gn/T/webpiecesCache/assets/crud/assets/bootstrap/js/bootstrap.js.gz
2017-06-28 15:17:43,410 [Test worker] Caller+1	 at org.webpieces.router.impl.compression.ProdCompressionCacheSetup.maybeAddFileToCache(ProdCompressionCacheSetup.java:147)
 INFO: timestamp later than src so skipping writing to=/var/folders/jw/l5xv7p2n5zx2_c89l7vslcs00000gn/T/webpiecesCache/assets/crud/assets/bootstrap/js/bootstrap.min.js.gz
2017-06-28 15:17:43,410 [Test worker] Caller+1	 at org.webpieces.router.impl.compression.CompressionDecider.isCompressableType(CompressionDecider.java:18)
 INFO: skipping compression for file due to extension=php and mimetype=MimeTypeResult [mime=application/octet-stream, htmlResponsePayloadEncoding=UTF-8]
2017-06-28 15:17:43,411 [Test worker] Caller+1	 at org.webpieces.router.impl.compression.ProdCompressionCacheSetup.maybeAddFileToCache(ProdCompressionCacheSetup.java:147)
 INFO: timestamp later than src so skipping writing to=/var/folders/jw/l5xv7p2n5zx2_c89l7vslcs00000gn/T/webpiecesCache/assets/crud/assets/css/video-style.css.gz
2017-06-28 15:17:43,411 [Test worker] Caller+1	 at org.webpieces.router.impl.compression.ProdCompressionCacheSetup.maybeAddFileToCache(ProdCompressionCacheSetup.java:147)
 INFO: timestamp later than src so skipping writing to=/var/folders/jw/l5xv7p2n5zx2_c89l7vslcs00000gn/T/webpiecesCache/assets/crud/assets/font-awesome/css/font-awesome-ie7.min.css.gz
2017-06-28 15:17:43,411 [Test worker] Caller+1	 at org.webpieces.router.impl.compression.ProdCompressionCacheSetup.maybeAddFileToCache(ProdCompressionCacheSetup.java:147)
 INFO: timestamp later than src so skipping writing to=/var/folders/jw/l5xv7p2n5zx2_c89l7vslcs00000gn/T/webpiecesCache/assets/crud/assets/font-awesome/css/font-awesome.css.gz
2017-06-28 15:17:43,411 [Test worker] Caller+1	 at org.webpieces.router.impl.compression.ProdCompressionCacheSetup.maybeAddFileToCache(ProdCompressionCacheSetup.java:147)
 INFO: timestamp later than src so skipping writing to=/var/folders/jw/l5xv7p2n5zx2_c89l7vslcs00000gn/T/webpiecesCache/assets/crud/assets/font-awesome/css/font-awesome.min.css.gz
2017-06-28 15:17:43,411 [Test worker] Caller+1	 at org.webpieces.router.impl.compression.CompressionDecider.isCompressableType(CompressionDecider.java:18)
 INFO: skipping compression for file due to extension=eot and mimetype=MimeTypeResult [mime=application/octet-stream, htmlResponsePayloadEncoding=UTF-8]
2017-06-28 15:17:43,411 [Test worker] Caller+1	 at org.webpieces.router.impl.compression.CompressionDecider.isCompressableType(CompressionDecider.java:18)
 INFO: skipping compression for file due to extension=svg and mimetype=MimeTypeResult [mime=image/svg+xml, htmlResponsePayloadEncoding=UTF-8]
2017-06-28 15:17:43,412 [Test worker] Caller+1	 at org.webpieces.router.impl.compression.CompressionDecider.isCompressableType(CompressionDecider.java:18)
 INFO: skipping compression for file due to extension=ttf and mimetype=MimeTypeResult [mime=application/octet-stream, htmlResponsePayloadEncoding=UTF-8]
2017-06-28 15:17:43,412 [Test worker] Caller+1	 at org.webpieces.router.impl.compression.CompressionDecider.isCompressableType(CompressionDecider.java:18)
 INFO: skipping compression for file due to extension=woff and mimetype=MimeTypeResult [mime=application/octet-stream, htmlResponsePayloadEncoding=UTF-8]
2017-06-28 15:17:43,412 [Test worker] Caller+1	 at org.webpieces.router.impl.compression.CompressionDecider.isCompressableType(CompressionDecider.java:18)
 INFO: skipping compression for file due to extension=otf and mimetype=MimeTypeResult [mime=application/vnd.oasis.opendocument.formula-template, htmlResponsePayloadEncoding=UTF-8]
2017-06-28 15:17:43,412 [Test worker] Caller+1	 at org.webpieces.router.impl.compression.CompressionDecider.isCompressableType(CompressionDecider.java:18)
 INFO: skipping compression for file due to extension=png and mimetype=MimeTypeResult [mime=image/png, htmlResponsePayloadEncoding=UTF-8]
2017-06-28 15:17:43,412 [Test worker] Caller+1	 at org.webpieces.router.impl.compression.CompressionDecider.isCompressableType(CompressionDecider.java:18)
 INFO: skipping compression for file due to extension=png and mimetype=MimeTypeResult [mime=image/png, htmlResponsePayloadEncoding=UTF-8]
2017-06-28 15:17:43,412 [Test worker] Caller+1	 at org.webpieces.router.impl.compression.CompressionDecider.isCompressableType(CompressionDecider.java:18)
 INFO: skipping compression for file due to extension=png and mimetype=MimeTypeResult [mime=image/png, htmlResponsePayloadEncoding=UTF-8]
2017-06-28 15:17:43,413 [Test worker] Caller+1	 at org.webpieces.router.impl.compression.CompressionDecider.isCompressableType(CompressionDecider.java:18)
 INFO: skipping compression for file due to extension=png and mimetype=MimeTypeResult [mime=image/png, htmlResponsePayloadEncoding=UTF-8]
2017-06-28 15:17:43,413 [Test worker] Caller+1	 at org.webpieces.router.impl.compression.CompressionDecider.isCompressableType(CompressionDecider.java:18)
 INFO: skipping compression for file due to extension=ico and mimetype=MimeTypeResult [mime=image/x-icon, htmlResponsePayloadEncoding=UTF-8]
2017-06-28 15:17:43,413 [Test worker] Caller+1	 at org.webpieces.router.impl.compression.CompressionDecider.isCompressableType(CompressionDecider.java:18)
 INFO: skipping compression for file due to extension=jpg and mimetype=MimeTypeResult [mime=image/jpeg, htmlResponsePayloadEncoding=UTF-8]
2017-06-28 15:17:43,413 [Test worker] Caller+1	 at org.webpieces.router.impl.compression.CompressionDecider.isCompressableType(CompressionDecider.java:18)
 INFO: skipping compression for file due to extension=jpg and mimetype=MimeTypeResult [mime=image/jpeg, htmlResponsePayloadEncoding=UTF-8]
2017-06-28 15:17:43,413 [Test worker] Caller+1	 at org.webpieces.router.impl.compression.CompressionDecider.isCompressableType(CompressionDecider.java:18)
 INFO: skipping compression for file due to extension=jpg and mimetype=MimeTypeResult [mime=image/jpeg, htmlResponsePayloadEncoding=UTF-8]
2017-06-28 15:17:43,414 [Test worker] Caller+1	 at org.webpieces.router.impl.compression.CompressionDecider.isCompressableType(CompressionDecider.java:18)
 INFO: skipping compression for file due to extension=jpg and mimetype=MimeTypeResult [mime=image/jpeg, htmlResponsePayloadEncoding=UTF-8]
2017-06-28 15:17:43,414 [Test worker] Caller+1	 at org.webpieces.router.impl.compression.CompressionDecider.isCompressableType(CompressionDecider.java:18)
 INFO: skipping compression for file due to extension=jpg and mimetype=MimeTypeResult [mime=image/jpeg, htmlResponsePayloadEncoding=UTF-8]
2017-06-28 15:17:43,414 [Test worker] Caller+1	 at org.webpieces.router.impl.compression.CompressionDecider.isCompressableType(CompressionDecider.java:18)
 INFO: skipping compression for file due to extension=jpg and mimetype=MimeTypeResult [mime=image/jpeg, htmlResponsePayloadEncoding=UTF-8]
2017-06-28 15:17:43,414 [Test worker] Caller+1	 at org.webpieces.router.impl.compression.CompressionDecider.isCompressableType(CompressionDecider.java:18)
 INFO: skipping compression for file due to extension=jpg and mimetype=MimeTypeResult [mime=image/jpeg, htmlResponsePayloadEncoding=UTF-8]
2017-06-28 15:17:43,414 [Test worker] Caller+1	 at org.webpieces.router.impl.compression.CompressionDecider.isCompressableType(CompressionDecider.java:18)
 INFO: skipping compression for file due to extension=jpg and mimetype=MimeTypeResult [mime=image/jpeg, htmlResponsePayloadEncoding=UTF-8]
2017-06-28 15:17:43,414 [Test worker] Caller+1	 at org.webpieces.router.impl.compression.CompressionDecider.isCompressableType(CompressionDecider.java:18)
 INFO: skipping compression for file due to extension=jpg and mimetype=MimeTypeResult [mime=image/jpeg, htmlResponsePayloadEncoding=UTF-8]
2017-06-28 15:17:43,415 [Test worker] Caller+1	 at org.webpieces.router.impl.compression.CompressionDecider.isCompressableType(CompressionDecider.java:18)
 INFO: skipping compression for file due to extension=jpg and mimetype=MimeTypeResult [mime=image/jpeg, htmlResponsePayloadEncoding=UTF-8]
2017-06-28 15:17:43,415 [Test worker] Caller+1	 at org.webpieces.router.impl.compression.CompressionDecider.isCompressableType(CompressionDecider.java:18)
 INFO: skipping compression for file due to extension=jpg and mimetype=MimeTypeResult [mime=image/jpeg, htmlResponsePayloadEncoding=UTF-8]
2017-06-28 15:17:43,415 [Test worker] Caller+1	 at org.webpieces.router.impl.compression.CompressionDecider.isCompressableType(CompressionDecider.java:18)
 INFO: skipping compression for file due to extension=jpg and mimetype=MimeTypeResult [mime=image/jpeg, htmlResponsePayloadEncoding=UTF-8]
2017-06-28 15:17:43,415 [Test worker] Caller+1	 at org.webpieces.router.impl.compression.CompressionDecider.isCompressableType(CompressionDecider.java:18)
 INFO: skipping compression for file due to extension=jpg and mimetype=MimeTypeResult [mime=image/jpeg, htmlResponsePayloadEncoding=UTF-8]
2017-06-28 15:17:43,415 [Test worker] Caller+1	 at org.webpieces.router.impl.compression.CompressionDecider.isCompressableType(CompressionDecider.java:18)
 INFO: skipping compression for file due to extension=jpg and mimetype=MimeTypeResult [mime=image/jpeg, htmlResponsePayloadEncoding=UTF-8]
2017-06-28 15:17:43,415 [Test worker] Caller+1	 at org.webpieces.router.impl.compression.CompressionDecider.isCompressableType(CompressionDecider.java:18)
 INFO: skipping compression for file due to extension=jpg and mimetype=MimeTypeResult [mime=image/jpeg, htmlResponsePayloadEncoding=UTF-8]
2017-06-28 15:17:43,416 [Test worker] Caller+1	 at org.webpieces.router.impl.compression.CompressionDecider.isCompressableType(CompressionDecider.java:18)
 INFO: skipping compression for file due to extension=jpg and mimetype=MimeTypeResult [mime=image/jpeg, htmlResponsePayloadEncoding=UTF-8]
2017-06-28 15:17:43,416 [Test worker] Caller+1	 at org.webpieces.router.impl.compression.CompressionDecider.isCompressableType(CompressionDecider.java:18)
 INFO: skipping compression for file due to extension=png and mimetype=MimeTypeResult [mime=image/png, htmlResponsePayloadEncoding=UTF-8]
2017-06-28 15:17:43,416 [Test worker] Caller+1	 at org.webpieces.router.impl.compression.CompressionDecider.isCompressableType(CompressionDecider.java:18)
 INFO: skipping compression for file due to extension=png and mimetype=MimeTypeResult [mime=image/png, htmlResponsePayloadEncoding=UTF-8]
2017-06-28 15:17:43,416 [Test worker] Caller+1	 at org.webpieces.router.impl.compression.CompressionDecider.isCompressableType(CompressionDecider.java:18)
 INFO: skipping compression for file due to extension=jpg and mimetype=MimeTypeResult [mime=image/jpeg, htmlResponsePayloadEncoding=UTF-8]
2017-06-28 15:17:43,416 [Test worker] Caller+1	 at org.webpieces.router.impl.compression.CompressionDecider.isCompressableType(CompressionDecider.java:18)
 INFO: skipping compression for file due to extension=jpg and mimetype=MimeTypeResult [mime=image/jpeg, htmlResponsePayloadEncoding=UTF-8]
2017-06-28 15:17:43,417 [Test worker] Caller+1	 at org.webpieces.router.impl.compression.ProdCompressionCacheSetup.maybeAddFileToCache(ProdCompressionCacheSetup.java:147)
 INFO: timestamp later than src so skipping writing to=/var/folders/jw/l5xv7p2n5zx2_c89l7vslcs00000gn/T/webpiecesCache/assets/crud/assets/js/coming-soon-scripts.js.gz
2017-06-28 15:17:43,417 [Test worker] Caller+1	 at org.webpieces.router.impl.compression.ProdCompressionCacheSetup.maybeAddFileToCache(ProdCompressionCacheSetup.java:147)
 INFO: timestamp later than src so skipping writing to=/var/folders/jw/l5xv7p2n5zx2_c89l7vslcs00000gn/T/webpiecesCache/assets/crud/assets/js/ebook-scripts.js.gz
2017-06-28 15:17:43,417 [Test worker] Caller+1	 at org.webpieces.router.impl.compression.ProdCompressionCacheSetup.maybeAddFileToCache(ProdCompressionCacheSetup.java:147)
 INFO: timestamp later than src so skipping writing to=/var/folders/jw/l5xv7p2n5zx2_c89l7vslcs00000gn/T/webpiecesCache/assets/crud/assets/js/iphone-scripts.js.gz
2017-06-28 15:17:43,417 [Test worker] Caller+1	 at org.webpieces.router.impl.compression.ProdCompressionCacheSetup.maybeAddFileToCache(ProdCompressionCacheSetup.java:147)
 INFO: timestamp later than src so skipping writing to=/var/folders/jw/l5xv7p2n5zx2_c89l7vslcs00000gn/T/webpiecesCache/assets/crud/assets/js/jflickrfeed.js.gz
2017-06-28 15:17:43,417 [Test worker] Caller+1	 at org.webpieces.router.impl.compression.ProdCompressionCacheSetup.maybeAddFileToCache(ProdCompressionCacheSetup.java:147)
 INFO: timestamp later than src so skipping writing to=/var/folders/jw/l5xv7p2n5zx2_c89l7vslcs00000gn/T/webpiecesCache/assets/crud/assets/js/jquery-1.8.2.min.js.gz
2017-06-28 15:17:43,417 [Test worker] Caller+1	 at org.webpieces.router.impl.compression.ProdCompressionCacheSetup.maybeAddFileToCache(ProdCompressionCacheSetup.java:147)
 INFO: timestamp later than src so skipping writing to=/var/folders/jw/l5xv7p2n5zx2_c89l7vslcs00000gn/T/webpiecesCache/assets/crud/assets/js/jquery.backstretch.min.js.gz
2017-06-28 15:17:43,418 [Test worker] Caller+1	 at org.webpieces.router.impl.compression.ProdCompressionCacheSetup.maybeAddFileToCache(ProdCompressionCacheSetup.java:147)
 INFO: timestamp later than src so skipping writing to=/var/folders/jw/l5xv7p2n5zx2_c89l7vslcs00000gn/T/webpiecesCache/assets/crud/assets/js/jquery.countdown.js.gz
2017-06-28 15:17:43,418 [Test worker] Caller+1	 at org.webpieces.router.impl.compression.ProdCompressionCacheSetup.maybeAddFileToCache(ProdCompressionCacheSetup.java:147)
 INFO: timestamp later than src so skipping writing to=/var/folders/jw/l5xv7p2n5zx2_c89l7vslcs00000gn/T/webpiecesCache/assets/crud/assets/js/jquery.tweet.js.gz
2017-06-28 15:17:43,418 [Test worker] Caller+1	 at org.webpieces.router.impl.compression.ProdCompressionCacheSetup.maybeAddFileToCache(ProdCompressionCacheSetup.java:147)
 INFO: timestamp later than src so skipping writing to=/var/folders/jw/l5xv7p2n5zx2_c89l7vslcs00000gn/T/webpiecesCache/assets/crud/assets/js/video-scripts.js.gz
2017-06-28 15:17:43,418 [Test worker] Caller+1	 at org.webpieces.router.impl.compression.ProdCompressionCacheSetup.maybeAddFileToCache(ProdCompressionCacheSetup.java:147)
 INFO: timestamp later than src so skipping writing to=/var/folders/jw/l5xv7p2n5zx2_c89l7vslcs00000gn/T/webpiecesCache/assets/crud/assets/prettyPhoto/css/prettyPhoto.css.gz
2017-06-28 15:17:43,419 [Test worker] Caller+1	 at org.webpieces.router.impl.compression.CompressionDecider.isCompressableType(CompressionDecider.java:18)
 INFO: skipping compression for file due to extension=png and mimetype=MimeTypeResult [mime=image/png, htmlResponsePayloadEncoding=UTF-8]
2017-06-28 15:17:43,419 [Test worker] Caller+1	 at org.webpieces.router.impl.compression.CompressionDecider.isCompressableType(CompressionDecider.java:18)
 INFO: skipping compression for file due to extension=png and mimetype=MimeTypeResult [mime=image/png, htmlResponsePayloadEncoding=UTF-8]
2017-06-28 15:17:43,419 [Test worker] Caller+1	 at org.webpieces.router.impl.compression.CompressionDecider.isCompressableType(CompressionDecider.java:18)
 INFO: skipping compression for file due to extension=png and mimetype=MimeTypeResult [mime=image/png, htmlResponsePayloadEncoding=UTF-8]
2017-06-28 15:17:43,419 [Test worker] Caller+1	 at org.webpieces.router.impl.compression.CompressionDecider.isCompressableType(CompressionDecider.java:18)
 INFO: skipping compression for file due to extension=gif and mimetype=MimeTypeResult [mime=image/gif, htmlResponsePayloadEncoding=UTF-8]
2017-06-28 15:17:43,419 [Test worker] Caller+1	 at org.webpieces.router.impl.compression.CompressionDecider.isCompressableType(CompressionDecider.java:18)
 INFO: skipping compression for file due to extension=gif and mimetype=MimeTypeResult [mime=image/gif, htmlResponsePayloadEncoding=UTF-8]
2017-06-28 15:17:43,420 [Test worker] Caller+1	 at org.webpieces.router.impl.compression.CompressionDecider.isCompressableType(CompressionDecider.java:18)
 INFO: skipping compression for file due to extension=png and mimetype=MimeTypeResult [mime=image/png, htmlResponsePayloadEncoding=UTF-8]
2017-06-28 15:17:43,420 [Test worker] Caller+1	 at org.webpieces.router.impl.compression.CompressionDecider.isCompressableType(CompressionDecider.java:18)
 INFO: skipping compression for file due to extension=png and mimetype=MimeTypeResult [mime=image/png, htmlResponsePayloadEncoding=UTF-8]
2017-06-28 15:17:43,420 [Test worker] Caller+1	 at org.webpieces.router.impl.compression.CompressionDecider.isCompressableType(CompressionDecider.java:18)
 INFO: skipping compression for file due to extension=png and mimetype=MimeTypeResult [mime=image/png, htmlResponsePayloadEncoding=UTF-8]
2017-06-28 15:17:43,420 [Test worker] Caller+1	 at org.webpieces.router.impl.compression.CompressionDecider.isCompressableType(CompressionDecider.java:18)
 INFO: skipping compression for file due to extension=png and mimetype=MimeTypeResult [mime=image/png, htmlResponsePayloadEncoding=UTF-8]
2017-06-28 15:17:43,420 [Test worker] Caller+1	 at org.webpieces.router.impl.compression.CompressionDecider.isCompressableType(CompressionDecider.java:18)
 INFO: skipping compression for file due to extension=gif and mimetype=MimeTypeResult [mime=image/gif, htmlResponsePayloadEncoding=UTF-8]
2017-06-28 15:17:43,421 [Test worker] Caller+1	 at org.webpieces.router.impl.compression.CompressionDecider.isCompressableType(CompressionDecider.java:18)
 INFO: skipping compression for file due to extension=gif and mimetype=MimeTypeResult [mime=image/gif, htmlResponsePayloadEncoding=UTF-8]
2017-06-28 15:17:43,421 [Test worker] Caller+1	 at org.webpieces.router.impl.compression.CompressionDecider.isCompressableType(CompressionDecider.java:18)
 INFO: skipping compression for file due to extension=png and mimetype=MimeTypeResult [mime=image/png, htmlResponsePayloadEncoding=UTF-8]
2017-06-28 15:17:43,421 [Test worker] Caller+1	 at org.webpieces.router.impl.compression.CompressionDecider.isCompressableType(CompressionDecider.java:18)
 INFO: skipping compression for file due to extension=png and mimetype=MimeTypeResult [mime=image/png, htmlResponsePayloadEncoding=UTF-8]
2017-06-28 15:17:43,422 [Test worker] Caller+1	 at org.webpieces.router.impl.compression.CompressionDecider.isCompressableType(CompressionDecider.java:18)
 INFO: skipping compression for file due to extension=gif and mimetype=MimeTypeResult [mime=image/gif, htmlResponsePayloadEncoding=UTF-8]
2017-06-28 15:17:43,422 [Test worker] Caller+1	 at org.webpieces.router.impl.compression.CompressionDecider.isCompressableType(CompressionDecider.java:18)
 INFO: skipping compression for file due to extension=png and mimetype=MimeTypeResult [mime=image/png, htmlResponsePayloadEncoding=UTF-8]
2017-06-28 15:17:43,423 [Test worker] Caller+1	 at org.webpieces.router.impl.compression.CompressionDecider.isCompressableType(CompressionDecider.java:18)
 INFO: skipping compression for file due to extension=png and mimetype=MimeTypeResult [mime=image/png, htmlResponsePayloadEncoding=UTF-8]
2017-06-28 15:17:43,423 [Test worker] Caller+1	 at org.webpieces.router.impl.compression.CompressionDecider.isCompressableType(CompressionDecider.java:18)
 INFO: skipping compression for file due to extension=png and mimetype=MimeTypeResult [mime=image/png, htmlResponsePayloadEncoding=UTF-8]
2017-06-28 15:17:43,423 [Test worker] Caller+1	 at org.webpieces.router.impl.compression.CompressionDecider.isCompressableType(CompressionDecider.java:18)
 INFO: skipping compression for file due to extension=png and mimetype=MimeTypeResult [mime=image/png, htmlResponsePayloadEncoding=UTF-8]
2017-06-28 15:17:43,424 [Test worker] Caller+1	 at org.webpieces.router.impl.compression.CompressionDecider.isCompressableType(CompressionDecider.java:18)
 INFO: skipping compression for file due to extension=png and mimetype=MimeTypeResult [mime=image/png, htmlResponsePayloadEncoding=UTF-8]
2017-06-28 15:17:43,425 [Test worker] Caller+1	 at org.webpieces.router.impl.compression.CompressionDecider.isCompressableType(CompressionDecider.java:18)
 INFO: skipping compression for file due to extension=png and mimetype=MimeTypeResult [mime=image/png, htmlResponsePayloadEncoding=UTF-8]
2017-06-28 15:17:43,425 [Test worker] Caller+1	 at org.webpieces.router.impl.compression.CompressionDecider.isCompressableType(CompressionDecider.java:18)
 INFO: skipping compression for file due to extension=png and mimetype=MimeTypeResult [mime=image/png, htmlResponsePayloadEncoding=UTF-8]
2017-06-28 15:17:43,425 [Test worker] Caller+1	 at org.webpieces.router.impl.compression.CompressionDecider.isCompressableType(CompressionDecider.java:18)
 INFO: skipping compression for file due to extension=png and mimetype=MimeTypeResult [mime=image/png, htmlResponsePayloadEncoding=UTF-8]
2017-06-28 15:17:43,426 [Test worker] Caller+1	 at org.webpieces.router.impl.compression.CompressionDecider.isCompressableType(CompressionDecider.java:18)
 INFO: skipping compression for file due to extension=png and mimetype=MimeTypeResult [mime=image/png, htmlResponsePayloadEncoding=UTF-8]
2017-06-28 15:17:43,426 [Test worker] Caller+1	 at org.webpieces.router.impl.compression.CompressionDecider.isCompressableType(CompressionDecider.java:18)
 INFO: skipping compression for file due to extension=png and mimetype=MimeTypeResult [mime=image/png, htmlResponsePayloadEncoding=UTF-8]
2017-06-28 15:17:43,427 [Test worker] Caller+1	 at org.webpieces.router.impl.compression.CompressionDecider.isCompressableType(CompressionDecider.java:18)
 INFO: skipping compression for file due to extension=png and mimetype=MimeTypeResult [mime=image/png, htmlResponsePayloadEncoding=UTF-8]
2017-06-28 15:17:43,427 [Test worker] Caller+1	 at org.webpieces.router.impl.compression.CompressionDecider.isCompressableType(CompressionDecider.java:18)
 INFO: skipping compression for file due to extension=gif and mimetype=MimeTypeResult [mime=image/gif, htmlResponsePayloadEncoding=UTF-8]
2017-06-28 15:17:43,427 [Test worker] Caller+1	 at org.webpieces.router.impl.compression.CompressionDecider.isCompressableType(CompressionDecider.java:18)
 INFO: skipping compression for file due to extension=gif and mimetype=MimeTypeResult [mime=image/gif, htmlResponsePayloadEncoding=UTF-8]
2017-06-28 15:17:43,427 [Test worker] Caller+1	 at org.webpieces.router.impl.compression.CompressionDecider.isCompressableType(CompressionDecider.java:18)
 INFO: skipping compression for file due to extension=png and mimetype=MimeTypeResult [mime=image/png, htmlResponsePayloadEncoding=UTF-8]
2017-06-28 15:17:43,428 [Test worker] Caller+1	 at org.webpieces.router.impl.compression.CompressionDecider.isCompressableType(CompressionDecider.java:18)
 INFO: skipping compression for file due to extension=png and mimetype=MimeTypeResult [mime=image/png, htmlResponsePayloadEncoding=UTF-8]
2017-06-28 15:17:43,428 [Test worker] Caller+1	 at org.webpieces.router.impl.compression.CompressionDecider.isCompressableType(CompressionDecider.java:18)
 INFO: skipping compression for file due to extension=png and mimetype=MimeTypeResult [mime=image/png, htmlResponsePayloadEncoding=UTF-8]
2017-06-28 15:17:43,428 [Test worker] Caller+1	 at org.webpieces.router.impl.compression.CompressionDecider.isCompressableType(CompressionDecider.java:18)
 INFO: skipping compression for file due to extension=gif and mimetype=MimeTypeResult [mime=image/gif, htmlResponsePayloadEncoding=UTF-8]
2017-06-28 15:17:43,429 [Test worker] Caller+1	 at org.webpieces.router.impl.compression.CompressionDecider.isCompressableType(CompressionDecider.java:18)
 INFO: skipping compression for file due to extension=gif and mimetype=MimeTypeResult [mime=image/gif, htmlResponsePayloadEncoding=UTF-8]
2017-06-28 15:17:43,429 [Test worker] Caller+1	 at org.webpieces.router.impl.compression.CompressionDecider.isCompressableType(CompressionDecider.java:18)
 INFO: skipping compression for file due to extension=png and mimetype=MimeTypeResult [mime=image/png, htmlResponsePayloadEncoding=UTF-8]
2017-06-28 15:17:43,429 [Test worker] Caller+1	 at org.webpieces.router.impl.compression.CompressionDecider.isCompressableType(CompressionDecider.java:18)
 INFO: skipping compression for file due to extension=png and mimetype=MimeTypeResult [mime=image/png, htmlResponsePayloadEncoding=UTF-8]
2017-06-28 15:17:43,429 [Test worker] Caller+1	 at org.webpieces.router.impl.compression.CompressionDecider.isCompressableType(CompressionDecider.java:18)
 INFO: skipping compression for file due to extension=png and mimetype=MimeTypeResult [mime=image/png, htmlResponsePayloadEncoding=UTF-8]
2017-06-28 15:17:43,429 [Test worker] Caller+1	 at org.webpieces.router.impl.compression.CompressionDecider.isCompressableType(CompressionDecider.java:18)
 INFO: skipping compression for file due to extension=gif and mimetype=MimeTypeResult [mime=image/gif, htmlResponsePayloadEncoding=UTF-8]
2017-06-28 15:17:43,430 [Test worker] Caller+1	 at org.webpieces.router.impl.compression.CompressionDecider.isCompressableType(CompressionDecider.java:18)
 INFO: skipping compression for file due to extension=gif and mimetype=MimeTypeResult [mime=image/gif, htmlResponsePayloadEncoding=UTF-8]
2017-06-28 15:17:43,430 [Test worker] Caller+1	 at org.webpieces.router.impl.compression.CompressionDecider.isCompressableType(CompressionDecider.java:18)
 INFO: skipping compression for file due to extension=png and mimetype=MimeTypeResult [mime=image/png, htmlResponsePayloadEncoding=UTF-8]
2017-06-28 15:17:43,430 [Test worker] Caller+1	 at org.webpieces.router.impl.compression.ProdCompressionCacheSetup.maybeAddFileToCache(ProdCompressionCacheSetup.java:147)
 INFO: timestamp later than src so skipping writing to=/var/folders/jw/l5xv7p2n5zx2_c89l7vslcs00000gn/T/webpiecesCache/assets/crud/assets/prettyPhoto/js/jquery.prettyPhoto.js.gz
2017-06-28 15:17:43,431 [Test worker] Caller+1	 at org.webpieces.router.impl.compression.CompressionDecider.isCompressableType(CompressionDecider.java:18)
 INFO: skipping compression for file due to extension=php and mimetype=MimeTypeResult [mime=application/octet-stream, htmlResponsePayloadEncoding=UTF-8]
2017-06-28 15:17:43,431 [Test worker] Caller+1	 at org.webpieces.router.impl.compression.CompressionDecider.isCompressableType(CompressionDecider.java:18)
 INFO: skipping compression for file due to extension=php and mimetype=MimeTypeResult [mime=application/octet-stream, htmlResponsePayloadEncoding=UTF-8]
2017-06-28 15:17:43,431 [Test worker] Caller+1	 at org.webpieces.router.impl.compression.ProdCompressionCacheSetup.maybeAddFileToCache(ProdCompressionCacheSetup.java:147)
 INFO: timestamp later than src so skipping writing to=/var/folders/jw/l5xv7p2n5zx2_c89l7vslcs00000gn/T/webpiecesCache/assets/crud/css/about.css.gz
2017-06-28 15:17:43,432 [Test worker] Caller+1	 at org.webpieces.router.impl.compression.ProdCompressionCacheSetup.maybeAddFileToCache(ProdCompressionCacheSetup.java:147)
 INFO: timestamp later than src so skipping writing to=/var/folders/jw/l5xv7p2n5zx2_c89l7vslcs00000gn/T/webpiecesCache/assets/crud/css/backgrounds.css.gz
2017-06-28 15:17:43,432 [Test worker] Caller+1	 at org.webpieces.router.impl.compression.ProdCompressionCacheSetup.maybeAddFileToCache(ProdCompressionCacheSetup.java:147)
 INFO: timestamp later than src so skipping writing to=/var/folders/jw/l5xv7p2n5zx2_c89l7vslcs00000gn/T/webpiecesCache/assets/crud/css/blog.css.gz
2017-06-28 15:17:43,432 [Test worker] Caller+1	 at org.webpieces.router.impl.compression.ProdCompressionCacheSetup.maybeAddFileToCache(ProdCompressionCacheSetup.java:147)
 INFO: timestamp later than src so skipping writing to=/var/folders/jw/l5xv7p2n5zx2_c89l7vslcs00000gn/T/webpiecesCache/assets/crud/css/blogpost.css.gz
2017-06-28 15:17:43,432 [Test worker] Caller+1	 at org.webpieces.router.impl.compression.ProdCompressionCacheSetup.maybeAddFileToCache(ProdCompressionCacheSetup.java:147)
 INFO: timestamp later than src so skipping writing to=/var/folders/jw/l5xv7p2n5zx2_c89l7vslcs00000gn/T/webpiecesCache/assets/crud/css/bootstrap.css.gz
2017-06-28 15:17:43,433 [Test worker] Caller+1	 at org.webpieces.router.impl.compression.ProdCompressionCacheSetup.maybeAddFileToCache(ProdCompressionCacheSetup.java:147)
 INFO: timestamp later than src so skipping writing to=/var/folders/jw/l5xv7p2n5zx2_c89l7vslcs00000gn/T/webpiecesCache/assets/crud/css/bootstrap.min.css.gz
2017-06-28 15:17:43,433 [Test worker] Caller+1	 at org.webpieces.router.impl.compression.ProdCompressionCacheSetup.maybeAddFileToCache(ProdCompressionCacheSetup.java:147)
 INFO: timestamp later than src so skipping writing to=/var/folders/jw/l5xv7p2n5zx2_c89l7vslcs00000gn/T/webpiecesCache/assets/crud/css/coming-soon.css.gz
2017-06-28 15:17:43,433 [Test worker] Caller+1	 at org.webpieces.router.impl.compression.ProdCompressionCacheSetup.maybeAddFileToCache(ProdCompressionCacheSetup.java:147)
 INFO: timestamp later than src so skipping writing to=/var/folders/jw/l5xv7p2n5zx2_c89l7vslcs00000gn/T/webpiecesCache/assets/crud/css/contact.css.gz
2017-06-28 15:17:43,433 [Test worker] Caller+1	 at org.webpieces.router.impl.compression.ProdCompressionCacheSetup.maybeAddFileToCache(ProdCompressionCacheSetup.java:147)
 INFO: timestamp later than src so skipping writing to=/var/folders/jw/l5xv7p2n5zx2_c89l7vslcs00000gn/T/webpiecesCache/assets/crud/css/features.css.gz
2017-06-28 15:17:43,434 [Test worker] Caller+1	 at org.webpieces.router.impl.compression.ProdCompressionCacheSetup.maybeAddFileToCache(ProdCompressionCacheSetup.java:147)
 INFO: timestamp later than src so skipping writing to=/var/folders/jw/l5xv7p2n5zx2_c89l7vslcs00000gn/T/webpiecesCache/assets/crud/css/index.css.gz
2017-06-28 15:17:43,434 [Test worker] Caller+1	 at org.webpieces.router.impl.compression.ProdCompressionCacheSetup.maybeAddFileToCache(ProdCompressionCacheSetup.java:147)
 INFO: timestamp later than src so skipping writing to=/var/folders/jw/l5xv7p2n5zx2_c89l7vslcs00000gn/T/webpiecesCache/assets/crud/css/lib/animate.css.gz
2017-06-28 15:17:43,434 [Test worker] Caller+1	 at org.webpieces.router.impl.compression.ProdCompressionCacheSetup.maybeAddFileToCache(ProdCompressionCacheSetup.java:147)
 INFO: timestamp later than src so skipping writing to=/var/folders/jw/l5xv7p2n5zx2_c89l7vslcs00000gn/T/webpiecesCache/assets/crud/css/lib/flexslider.css.gz
2017-06-28 15:17:43,434 [Test worker] Caller+1	 at org.webpieces.router.impl.compression.ProdCompressionCacheSetup.maybeAddFileToCache(ProdCompressionCacheSetup.java:147)
 INFO: timestamp later than src so skipping writing to=/var/folders/jw/l5xv7p2n5zx2_c89l7vslcs00000gn/T/webpiecesCache/assets/crud/css/lib/isotope.css.gz
2017-06-28 15:17:43,435 [Test worker] Caller+1	 at org.webpieces.router.impl.compression.ProdCompressionCacheSetup.maybeAddFileToCache(ProdCompressionCacheSetup.java:147)
 INFO: timestamp later than src so skipping writing to=/var/folders/jw/l5xv7p2n5zx2_c89l7vslcs00000gn/T/webpiecesCache/assets/crud/css/portfolio-item.css.gz
2017-06-28 15:17:43,435 [Test worker] Caller+1	 at org.webpieces.router.impl.compression.ProdCompressionCacheSetup.maybeAddFileToCache(ProdCompressionCacheSetup.java:147)
 INFO: timestamp later than src so skipping writing to=/var/folders/jw/l5xv7p2n5zx2_c89l7vslcs00000gn/T/webpiecesCache/assets/crud/css/portfolio.css.gz
2017-06-28 15:17:43,435 [Test worker] Caller+1	 at org.webpieces.router.impl.compression.ProdCompressionCacheSetup.maybeAddFileToCache(ProdCompressionCacheSetup.java:147)
 INFO: timestamp later than src so skipping writing to=/var/folders/jw/l5xv7p2n5zx2_c89l7vslcs00000gn/T/webpiecesCache/assets/crud/css/pricing.css.gz
2017-06-28 15:17:43,435 [Test worker] Caller+1	 at org.webpieces.router.impl.compression.ProdCompressionCacheSetup.maybeAddFileToCache(ProdCompressionCacheSetup.java:147)
 INFO: timestamp later than src so skipping writing to=/var/folders/jw/l5xv7p2n5zx2_c89l7vslcs00000gn/T/webpiecesCache/assets/crud/css/reset.css.gz
2017-06-28 15:17:43,436 [Test worker] Caller+1	 at org.webpieces.router.impl.compression.ProdCompressionCacheSetup.maybeAddFileToCache(ProdCompressionCacheSetup.java:147)
 INFO: timestamp later than src so skipping writing to=/var/folders/jw/l5xv7p2n5zx2_c89l7vslcs00000gn/T/webpiecesCache/assets/crud/css/services.css.gz
2017-06-28 15:17:43,436 [Test worker] Caller+1	 at org.webpieces.router.impl.compression.ProdCompressionCacheSetup.maybeAddFileToCache(ProdCompressionCacheSetup.java:147)
 INFO: timestamp later than src so skipping writing to=/var/folders/jw/l5xv7p2n5zx2_c89l7vslcs00000gn/T/webpiecesCache/assets/crud/css/sign-in.css.gz
2017-06-28 15:17:43,436 [Test worker] Caller+1	 at org.webpieces.router.impl.compression.ProdCompressionCacheSetup.maybeAddFileToCache(ProdCompressionCacheSetup.java:147)
 INFO: timestamp later than src so skipping writing to=/var/folders/jw/l5xv7p2n5zx2_c89l7vslcs00000gn/T/webpiecesCache/assets/crud/css/sign-up.css.gz
2017-06-28 15:17:43,436 [Test worker] Caller+1	 at org.webpieces.router.impl.compression.ProdCompressionCacheSetup.maybeAddFileToCache(ProdCompressionCacheSetup.java:147)
 INFO: timestamp later than src so skipping writing to=/var/folders/jw/l5xv7p2n5zx2_c89l7vslcs00000gn/T/webpiecesCache/assets/crud/css/theme.css.gz
2017-06-28 15:17:43,436 [Test worker] Caller+1	 at org.webpieces.router.impl.compression.ProdCompressionCacheSetup.maybeAddFileToCache(ProdCompressionCacheSetup.java:147)
 INFO: timestamp later than src so skipping writing to=/var/folders/jw/l5xv7p2n5zx2_c89l7vslcs00000gn/T/webpiecesCache/assets/crud/fonts.css.gz
2017-06-28 15:17:43,437 [Test worker] Caller+1	 at org.webpieces.router.impl.compression.CompressionDecider.isCompressableType(CompressionDecider.java:18)
 INFO: skipping compression for file due to extension=jpg and mimetype=MimeTypeResult [mime=image/jpeg, htmlResponsePayloadEncoding=UTF-8]
2017-06-28 15:17:43,437 [Test worker] Caller+1	 at org.webpieces.router.impl.compression.CompressionDecider.isCompressableType(CompressionDecider.java:18)
 INFO: skipping compression for file due to extension=png and mimetype=MimeTypeResult [mime=image/png, htmlResponsePayloadEncoding=UTF-8]
2017-06-28 15:17:43,437 [Test worker] Caller+1	 at org.webpieces.router.impl.compression.CompressionDecider.isCompressableType(CompressionDecider.java:18)
 INFO: skipping compression for file due to extension=png and mimetype=MimeTypeResult [mime=image/png, htmlResponsePayloadEncoding=UTF-8]
2017-06-28 15:17:43,438 [Test worker] Caller+1	 at org.webpieces.router.impl.compression.CompressionDecider.isCompressableType(CompressionDecider.java:18)
 INFO: skipping compression for file due to extension=jpg and mimetype=MimeTypeResult [mime=image/jpeg, htmlResponsePayloadEncoding=UTF-8]
2017-06-28 15:17:43,438 [Test worker] Caller+1	 at org.webpieces.router.impl.compression.CompressionDecider.isCompressableType(CompressionDecider.java:18)
 INFO: skipping compression for file due to extension=jpg and mimetype=MimeTypeResult [mime=image/jpeg, htmlResponsePayloadEncoding=UTF-8]
2017-06-28 15:17:43,438 [Test worker] Caller+1	 at org.webpieces.router.impl.compression.CompressionDecider.isCompressableType(CompressionDecider.java:18)
 INFO: skipping compression for file due to extension=jpg and mimetype=MimeTypeResult [mime=image/jpeg, htmlResponsePayloadEncoding=UTF-8]
2017-06-28 15:17:43,438 [Test worker] Caller+1	 at org.webpieces.router.impl.compression.CompressionDecider.isCompressableType(CompressionDecider.java:18)
 INFO: skipping compression for file due to extension=jpg and mimetype=MimeTypeResult [mime=image/jpeg, htmlResponsePayloadEncoding=UTF-8]
2017-06-28 15:17:43,439 [Test worker] Caller+1	 at org.webpieces.router.impl.compression.CompressionDecider.isCompressableType(CompressionDecider.java:18)
 INFO: skipping compression for file due to extension=jpg and mimetype=MimeTypeResult [mime=image/jpeg, htmlResponsePayloadEncoding=UTF-8]
2017-06-28 15:17:43,439 [Test worker] Caller+1	 at org.webpieces.router.impl.compression.CompressionDecider.isCompressableType(CompressionDecider.java:18)
 INFO: skipping compression for file due to extension=jpg and mimetype=MimeTypeResult [mime=image/jpeg, htmlResponsePayloadEncoding=UTF-8]
2017-06-28 15:17:43,439 [Test worker] Caller+1	 at org.webpieces.router.impl.compression.CompressionDecider.isCompressableType(CompressionDecider.java:18)
 INFO: skipping compression for file due to extension=jpg and mimetype=MimeTypeResult [mime=image/jpeg, htmlResponsePayloadEncoding=UTF-8]
2017-06-28 15:17:43,439 [Test worker] Caller+1	 at org.webpieces.router.impl.compression.CompressionDecider.isCompressableType(CompressionDecider.java:18)
 INFO: skipping compression for file due to extension=jpg and mimetype=MimeTypeResult [mime=image/jpeg, htmlResponsePayloadEncoding=UTF-8]
2017-06-28 15:17:43,439 [Test worker] Caller+1	 at org.webpieces.router.impl.compression.CompressionDecider.isCompressableType(CompressionDecider.java:18)
 INFO: skipping compression for file due to extension=jpg and mimetype=MimeTypeResult [mime=image/jpeg, htmlResponsePayloadEncoding=UTF-8]
2017-06-28 15:17:43,440 [Test worker] Caller+1	 at org.webpieces.router.impl.compression.CompressionDecider.isCompressableType(CompressionDecider.java:18)
 INFO: skipping compression for file due to extension=jpg and mimetype=MimeTypeResult [mime=image/jpeg, htmlResponsePayloadEncoding=UTF-8]
2017-06-28 15:17:43,440 [Test worker] Caller+1	 at org.webpieces.router.impl.compression.CompressionDecider.isCompressableType(CompressionDecider.java:18)
 INFO: skipping compression for file due to extension=jpg and mimetype=MimeTypeResult [mime=image/jpeg, htmlResponsePayloadEncoding=UTF-8]
2017-06-28 15:17:43,440 [Test worker] Caller+1	 at org.webpieces.router.impl.compression.CompressionDecider.isCompressableType(CompressionDecider.java:18)
 INFO: skipping compression for file due to extension=jpg and mimetype=MimeTypeResult [mime=image/jpeg, htmlResponsePayloadEncoding=UTF-8]
2017-06-28 15:17:43,440 [Test worker] Caller+1	 at org.webpieces.router.impl.compression.CompressionDecider.isCompressableType(CompressionDecider.java:18)
 INFO: skipping compression for file due to extension=jpg and mimetype=MimeTypeResult [mime=image/jpeg, htmlResponsePayloadEncoding=UTF-8]
2017-06-28 15:17:43,440 [Test worker] Caller+1	 at org.webpieces.router.impl.compression.CompressionDecider.isCompressableType(CompressionDecider.java:18)
 INFO: skipping compression for file due to extension=jpg and mimetype=MimeTypeResult [mime=image/jpeg, htmlResponsePayloadEncoding=UTF-8]
2017-06-28 15:17:43,440 [Test worker] Caller+1	 at org.webpieces.router.impl.compression.CompressionDecider.isCompressableType(CompressionDecider.java:18)
 INFO: skipping compression for file due to extension=png and mimetype=MimeTypeResult [mime=image/png, htmlResponsePayloadEncoding=UTF-8]
2017-06-28 15:17:43,441 [Test worker] Caller+1	 at org.webpieces.router.impl.compression.CompressionDecider.isCompressableType(CompressionDecider.java:18)
 INFO: skipping compression for file due to extension=jpg and mimetype=MimeTypeResult [mime=image/jpeg, htmlResponsePayloadEncoding=UTF-8]
2017-06-28 15:17:43,441 [Test worker] Caller+1	 at org.webpieces.router.impl.compression.CompressionDecider.isCompressableType(CompressionDecider.java:18)
 INFO: skipping compression for file due to extension=jpg and mimetype=MimeTypeResult [mime=image/jpeg, htmlResponsePayloadEncoding=UTF-8]
2017-06-28 15:17:43,441 [Test worker] Caller+1	 at org.webpieces.router.impl.compression.CompressionDecider.isCompressableType(CompressionDecider.java:18)
 INFO: skipping compression for file due to extension=jpg and mimetype=MimeTypeResult [mime=image/jpeg, htmlResponsePayloadEncoding=UTF-8]
2017-06-28 15:17:43,441 [Test worker] Caller+1	 at org.webpieces.router.impl.compression.CompressionDecider.isCompressableType(CompressionDecider.java:18)
 INFO: skipping compression for file due to extension=jpg and mimetype=MimeTypeResult [mime=image/jpeg, htmlResponsePayloadEncoding=UTF-8]
2017-06-28 15:17:43,441 [Test worker] Caller+1	 at org.webpieces.router.impl.compression.CompressionDecider.isCompressableType(CompressionDecider.java:18)
 INFO: skipping compression for file due to extension=jpg and mimetype=MimeTypeResult [mime=image/jpeg, htmlResponsePayloadEncoding=UTF-8]
2017-06-28 15:17:43,442 [Test worker] Caller+1	 at org.webpieces.router.impl.compression.CompressionDecider.isCompressableType(CompressionDecider.java:18)
 INFO: skipping compression for file due to extension=jpg and mimetype=MimeTypeResult [mime=image/jpeg, htmlResponsePayloadEncoding=UTF-8]
2017-06-28 15:17:43,442 [Test worker] Caller+1	 at org.webpieces.router.impl.compression.CompressionDecider.isCompressableType(CompressionDecider.java:18)
 INFO: skipping compression for file due to extension=jpg and mimetype=MimeTypeResult [mime=image/jpeg, htmlResponsePayloadEncoding=UTF-8]
2017-06-28 15:17:43,442 [Test worker] Caller+1	 at org.webpieces.router.impl.compression.CompressionDecider.isCompressableType(CompressionDecider.java:18)
 INFO: skipping compression for file due to extension=jpg and mimetype=MimeTypeResult [mime=image/jpeg, htmlResponsePayloadEncoding=UTF-8]
2017-06-28 15:17:43,442 [Test worker] Caller+1	 at org.webpieces.router.impl.compression.CompressionDecider.isCompressableType(CompressionDecider.java:18)
 INFO: skipping compression for file due to extension=jpg and mimetype=MimeTypeResult [mime=image/jpeg, htmlResponsePayloadEncoding=UTF-8]
2017-06-28 15:17:43,442 [Test worker] Caller+1	 at org.webpieces.router.impl.compression.CompressionDecider.isCompressableType(CompressionDecider.java:18)
 INFO: skipping compression for file due to extension=jpg and mimetype=MimeTypeResult [mime=image/jpeg, htmlResponsePayloadEncoding=UTF-8]
2017-06-28 15:17:43,442 [Test worker] Caller+1	 at org.webpieces.router.impl.compression.CompressionDecider.isCompressableType(CompressionDecider.java:18)
 INFO: skipping compression for file due to extension=png and mimetype=MimeTypeResult [mime=image/png, htmlResponsePayloadEncoding=UTF-8]
2017-06-28 15:17:43,443 [Test worker] Caller+1	 at org.webpieces.router.impl.compression.CompressionDecider.isCompressableType(CompressionDecider.java:18)
 INFO: skipping compression for file due to extension=png and mimetype=MimeTypeResult [mime=image/png, htmlResponsePayloadEncoding=UTF-8]
2017-06-28 15:17:43,443 [Test worker] Caller+1	 at org.webpieces.router.impl.compression.CompressionDecider.isCompressableType(CompressionDecider.java:18)
 INFO: skipping compression for file due to extension=png and mimetype=MimeTypeResult [mime=image/png, htmlResponsePayloadEncoding=UTF-8]
2017-06-28 15:17:43,443 [Test worker] Caller+1	 at org.webpieces.router.impl.compression.CompressionDecider.isCompressableType(CompressionDecider.java:18)
 INFO: skipping compression for file due to extension=png and mimetype=MimeTypeResult [mime=image/png, htmlResponsePayloadEncoding=UTF-8]
2017-06-28 15:17:43,443 [Test worker] Caller+1	 at org.webpieces.router.impl.compression.CompressionDecider.isCompressableType(CompressionDecider.java:18)
 INFO: skipping compression for file due to extension=png and mimetype=MimeTypeResult [mime=image/png, htmlResponsePayloadEncoding=UTF-8]
2017-06-28 15:17:43,443 [Test worker] Caller+1	 at org.webpieces.router.impl.compression.CompressionDecider.isCompressableType(CompressionDecider.java:18)
 INFO: skipping compression for file due to extension=jpg and mimetype=MimeTypeResult [mime=image/jpeg, htmlResponsePayloadEncoding=UTF-8]
2017-06-28 15:17:43,443 [Test worker] Caller+1	 at org.webpieces.router.impl.compression.CompressionDecider.isCompressableType(CompressionDecider.java:18)
 INFO: skipping compression for file due to extension=jpg and mimetype=MimeTypeResult [mime=image/jpeg, htmlResponsePayloadEncoding=UTF-8]
2017-06-28 15:17:43,444 [Test worker] Caller+1	 at org.webpieces.router.impl.compression.CompressionDecider.isCompressableType(CompressionDecider.java:18)
 INFO: skipping compression for file due to extension=png and mimetype=MimeTypeResult [mime=image/png, htmlResponsePayloadEncoding=UTF-8]
2017-06-28 15:17:43,444 [Test worker] Caller+1	 at org.webpieces.router.impl.compression.CompressionDecider.isCompressableType(CompressionDecider.java:18)
 INFO: skipping compression for file due to extension=png and mimetype=MimeTypeResult [mime=image/png, htmlResponsePayloadEncoding=UTF-8]
2017-06-28 15:17:43,444 [Test worker] Caller+1	 at org.webpieces.router.impl.compression.CompressionDecider.isCompressableType(CompressionDecider.java:18)
 INFO: skipping compression for file due to extension=png and mimetype=MimeTypeResult [mime=image/png, htmlResponsePayloadEncoding=UTF-8]
2017-06-28 15:17:43,444 [Test worker] Caller+1	 at org.webpieces.router.impl.compression.CompressionDecider.isCompressableType(CompressionDecider.java:18)
 INFO: skipping compression for file due to extension=png and mimetype=MimeTypeResult [mime=image/png, htmlResponsePayloadEncoding=UTF-8]
2017-06-28 15:17:43,444 [Test worker] Caller+1	 at org.webpieces.router.impl.compression.CompressionDecider.isCompressableType(CompressionDecider.java:18)
 INFO: skipping compression for file due to extension=png and mimetype=MimeTypeResult [mime=image/png, htmlResponsePayloadEncoding=UTF-8]
2017-06-28 15:17:43,444 [Test worker] Caller+1	 at org.webpieces.router.impl.compression.CompressionDecider.isCompressableType(CompressionDecider.java:18)
 INFO: skipping compression for file due to extension=png and mimetype=MimeTypeResult [mime=image/png, htmlResponsePayloadEncoding=UTF-8]
2017-06-28 15:17:43,445 [Test worker] Caller+1	 at org.webpieces.router.impl.compression.CompressionDecider.isCompressableType(CompressionDecider.java:18)
 INFO: skipping compression for file due to extension=png and mimetype=MimeTypeResult [mime=image/png, htmlResponsePayloadEncoding=UTF-8]
2017-06-28 15:17:43,445 [Test worker] Caller+1	 at org.webpieces.router.impl.compression.CompressionDecider.isCompressableType(CompressionDecider.java:18)
 INFO: skipping compression for file due to extension=png and mimetype=MimeTypeResult [mime=image/png, htmlResponsePayloadEncoding=UTF-8]
2017-06-28 15:17:43,445 [Test worker] Caller+1	 at org.webpieces.router.impl.compression.CompressionDecider.isCompressableType(CompressionDecider.java:18)
 INFO: skipping compression for file due to extension=png and mimetype=MimeTypeResult [mime=image/png, htmlResponsePayloadEncoding=UTF-8]
2017-06-28 15:17:43,445 [Test worker] Caller+1	 at org.webpieces.router.impl.compression.CompressionDecider.isCompressableType(CompressionDecider.java:18)
 INFO: skipping compression for file due to extension=png and mimetype=MimeTypeResult [mime=image/png, htmlResponsePayloadEncoding=UTF-8]
2017-06-28 15:17:43,445 [Test worker] Caller+1	 at org.webpieces.router.impl.compression.CompressionDecider.isCompressableType(CompressionDecider.java:18)
 INFO: skipping compression for file due to extension=png and mimetype=MimeTypeResult [mime=image/png, htmlResponsePayloadEncoding=UTF-8]
2017-06-28 15:17:43,445 [Test worker] Caller+1	 at org.webpieces.router.impl.compression.CompressionDecider.isCompressableType(CompressionDecider.java:18)
 INFO: skipping compression for file due to extension=png and mimetype=MimeTypeResult [mime=image/png, htmlResponsePayloadEncoding=UTF-8]
2017-06-28 15:17:43,446 [Test worker] Caller+1	 at org.webpieces.router.impl.compression.CompressionDecider.isCompressableType(CompressionDecider.java:18)
 INFO: skipping compression for file due to extension=png and mimetype=MimeTypeResult [mime=image/png, htmlResponsePayloadEncoding=UTF-8]
2017-06-28 15:17:43,446 [Test worker] Caller+1	 at org.webpieces.router.impl.compression.CompressionDecider.isCompressableType(CompressionDecider.java:18)
 INFO: skipping compression for file due to extension=png and mimetype=MimeTypeResult [mime=image/png, htmlResponsePayloadEncoding=UTF-8]
2017-06-28 15:17:43,446 [Test worker] Caller+1	 at org.webpieces.router.impl.compression.CompressionDecider.isCompressableType(CompressionDecider.java:18)
 INFO: skipping compression for file due to extension=png and mimetype=MimeTypeResult [mime=image/png, htmlResponsePayloadEncoding=UTF-8]
2017-06-28 15:17:43,446 [Test worker] Caller+1	 at org.webpieces.router.impl.compression.CompressionDecider.isCompressableType(CompressionDecider.java:18)
 INFO: skipping compression for file due to extension=png and mimetype=MimeTypeResult [mime=image/png, htmlResponsePayloadEncoding=UTF-8]
2017-06-28 15:17:43,446 [Test worker] Caller+1	 at org.webpieces.router.impl.compression.CompressionDecider.isCompressableType(CompressionDecider.java:18)
 INFO: skipping compression for file due to extension=png and mimetype=MimeTypeResult [mime=image/png, htmlResponsePayloadEncoding=UTF-8]
2017-06-28 15:17:43,446 [Test worker] Caller+1	 at org.webpieces.router.impl.compression.CompressionDecider.isCompressableType(CompressionDecider.java:18)
 INFO: skipping compression for file due to extension=png and mimetype=MimeTypeResult [mime=image/png, htmlResponsePayloadEncoding=UTF-8]
2017-06-28 15:17:43,446 [Test worker] Caller+1	 at org.webpieces.router.impl.compression.CompressionDecider.isCompressableType(CompressionDecider.java:18)
 INFO: skipping compression for file due to extension=png and mimetype=MimeTypeResult [mime=image/png, htmlResponsePayloadEncoding=UTF-8]
2017-06-28 15:17:43,447 [Test worker] Caller+1	 at org.webpieces.router.impl.compression.CompressionDecider.isCompressableType(CompressionDecider.java:18)
 INFO: skipping compression for file due to extension=png and mimetype=MimeTypeResult [mime=image/png, htmlResponsePayloadEncoding=UTF-8]
2017-06-28 15:17:43,447 [Test worker] Caller+1	 at org.webpieces.router.impl.compression.CompressionDecider.isCompressableType(CompressionDecider.java:18)
 INFO: skipping compression for file due to extension=png and mimetype=MimeTypeResult [mime=image/png, htmlResponsePayloadEncoding=UTF-8]
2017-06-28 15:17:43,447 [Test worker] Caller+1	 at org.webpieces.router.impl.compression.CompressionDecider.isCompressableType(CompressionDecider.java:18)
 INFO: skipping compression for file due to extension=png and mimetype=MimeTypeResult [mime=image/png, htmlResponsePayloadEncoding=UTF-8]
2017-06-28 15:17:43,447 [Test worker] Caller+1	 at org.webpieces.router.impl.compression.CompressionDecider.isCompressableType(CompressionDecider.java:18)
 INFO: skipping compression for file due to extension=png and mimetype=MimeTypeResult [mime=image/png, htmlResponsePayloadEncoding=UTF-8]
2017-06-28 15:17:43,448 [Test worker] Caller+1	 at org.webpieces.router.impl.compression.CompressionDecider.isCompressableType(CompressionDecider.java:18)
 INFO: skipping compression for file due to extension=png and mimetype=MimeTypeResult [mime=image/png, htmlResponsePayloadEncoding=UTF-8]
2017-06-28 15:17:43,448 [Test worker] Caller+1	 at org.webpieces.router.impl.compression.CompressionDecider.isCompressableType(CompressionDecider.java:18)
 INFO: skipping compression for file due to extension=png and mimetype=MimeTypeResult [mime=image/png, htmlResponsePayloadEncoding=UTF-8]
2017-06-28 15:17:43,448 [Test worker] Caller+1	 at org.webpieces.router.impl.compression.CompressionDecider.isCompressableType(CompressionDecider.java:18)
 INFO: skipping compression for file due to extension=png and mimetype=MimeTypeResult [mime=image/png, htmlResponsePayloadEncoding=UTF-8]
2017-06-28 15:17:43,448 [Test worker] Caller+1	 at org.webpieces.router.impl.compression.CompressionDecider.isCompressableType(CompressionDecider.java:18)
 INFO: skipping compression for file due to extension=png and mimetype=MimeTypeResult [mime=image/png, htmlResponsePayloadEncoding=UTF-8]
2017-06-28 15:17:43,448 [Test worker] Caller+1	 at org.webpieces.router.impl.compression.CompressionDecider.isCompressableType(CompressionDecider.java:18)
 INFO: skipping compression for file due to extension=png and mimetype=MimeTypeResult [mime=image/png, htmlResponsePayloadEncoding=UTF-8]
2017-06-28 15:17:43,449 [Test worker] Caller+1	 at org.webpieces.router.impl.compression.CompressionDecider.isCompressableType(CompressionDecider.java:18)
 INFO: skipping compression for file due to extension=png and mimetype=MimeTypeResult [mime=image/png, htmlResponsePayloadEncoding=UTF-8]
2017-06-28 15:17:43,449 [Test worker] Caller+1	 at org.webpieces.router.impl.compression.CompressionDecider.isCompressableType(CompressionDecider.java:18)
 INFO: skipping compression for file due to extension=png and mimetype=MimeTypeResult [mime=image/png, htmlResponsePayloadEncoding=UTF-8]
2017-06-28 15:17:43,449 [Test worker] Caller+1	 at org.webpieces.router.impl.compression.CompressionDecider.isCompressableType(CompressionDecider.java:18)
 INFO: skipping compression for file due to extension=jpg and mimetype=MimeTypeResult [mime=image/jpeg, htmlResponsePayloadEncoding=UTF-8]
2017-06-28 15:17:43,449 [Test worker] Caller+1	 at org.webpieces.router.impl.compression.CompressionDecider.isCompressableType(CompressionDecider.java:18)
 INFO: skipping compression for file due to extension=png and mimetype=MimeTypeResult [mime=image/png, htmlResponsePayloadEncoding=UTF-8]
2017-06-28 15:17:43,449 [Test worker] Caller+1	 at org.webpieces.router.impl.compression.CompressionDecider.isCompressableType(CompressionDecider.java:18)
 INFO: skipping compression for file due to extension=png and mimetype=MimeTypeResult [mime=image/png, htmlResponsePayloadEncoding=UTF-8]
2017-06-28 15:17:43,450 [Test worker] Caller+1	 at org.webpieces.router.impl.compression.CompressionDecider.isCompressableType(CompressionDecider.java:18)
 INFO: skipping compression for file due to extension=png and mimetype=MimeTypeResult [mime=image/png, htmlResponsePayloadEncoding=UTF-8]
2017-06-28 15:17:43,450 [Test worker] Caller+1	 at org.webpieces.router.impl.compression.CompressionDecider.isCompressableType(CompressionDecider.java:18)
 INFO: skipping compression for file due to extension=png and mimetype=MimeTypeResult [mime=image/png, htmlResponsePayloadEncoding=UTF-8]
2017-06-28 15:17:43,450 [Test worker] Caller+1	 at org.webpieces.router.impl.compression.CompressionDecider.isCompressableType(CompressionDecider.java:18)
 INFO: skipping compression for file due to extension=png and mimetype=MimeTypeResult [mime=image/png, htmlResponsePayloadEncoding=UTF-8]
2017-06-28 15:17:43,450 [Test worker] Caller+1	 at org.webpieces.router.impl.compression.CompressionDecider.isCompressableType(CompressionDecider.java:18)
 INFO: skipping compression for file due to extension=png and mimetype=MimeTypeResult [mime=image/png, htmlResponsePayloadEncoding=UTF-8]
2017-06-28 15:17:43,450 [Test worker] Caller+1	 at org.webpieces.router.impl.compression.CompressionDecider.isCompressableType(CompressionDecider.java:18)
 INFO: skipping compression for file due to extension=png and mimetype=MimeTypeResult [mime=image/png, htmlResponsePayloadEncoding=UTF-8]
2017-06-28 15:17:43,451 [Test worker] Caller+1	 at org.webpieces.router.impl.compression.CompressionDecider.isCompressableType(CompressionDecider.java:18)
 INFO: skipping compression for file due to extension=png and mimetype=MimeTypeResult [mime=image/png, htmlResponsePayloadEncoding=UTF-8]
2017-06-28 15:17:43,451 [Test worker] Caller+1	 at org.webpieces.router.impl.compression.CompressionDecider.isCompressableType(CompressionDecider.java:18)
 INFO: skipping compression for file due to extension=png and mimetype=MimeTypeResult [mime=image/png, htmlResponsePayloadEncoding=UTF-8]
2017-06-28 15:17:43,451 [Test worker] Caller+1	 at org.webpieces.router.impl.compression.CompressionDecider.isCompressableType(CompressionDecider.java:18)
 INFO: skipping compression for file due to extension=png and mimetype=MimeTypeResult [mime=image/png, htmlResponsePayloadEncoding=UTF-8]
2017-06-28 15:17:43,452 [Test worker] Caller+1	 at org.webpieces.router.impl.compression.CompressionDecider.isCompressableType(CompressionDecider.java:18)
 INFO: skipping compression for file due to extension=png and mimetype=MimeTypeResult [mime=image/png, htmlResponsePayloadEncoding=UTF-8]
2017-06-28 15:17:43,452 [Test worker] Caller+1	 at org.webpieces.router.impl.compression.CompressionDecider.isCompressableType(CompressionDecider.java:18)
 INFO: skipping compression for file due to extension=png and mimetype=MimeTypeResult [mime=image/png, htmlResponsePayloadEncoding=UTF-8]
2017-06-28 15:17:43,452 [Test worker] Caller+1	 at org.webpieces.router.impl.compression.CompressionDecider.isCompressableType(CompressionDecider.java:18)
 INFO: skipping compression for file due to extension=png and mimetype=MimeTypeResult [mime=image/png, htmlResponsePayloadEncoding=UTF-8]
2017-06-28 15:17:43,452 [Test worker] Caller+1	 at org.webpieces.router.impl.compression.CompressionDecider.isCompressableType(CompressionDecider.java:18)
 INFO: skipping compression for file due to extension=png and mimetype=MimeTypeResult [mime=image/png, htmlResponsePayloadEncoding=UTF-8]
2017-06-28 15:17:43,453 [Test worker] Caller+1	 at org.webpieces.router.impl.compression.CompressionDecider.isCompressableType(CompressionDecider.java:18)
 INFO: skipping compression for file due to extension=png and mimetype=MimeTypeResult [mime=image/png, htmlResponsePayloadEncoding=UTF-8]
2017-06-28 15:17:43,453 [Test worker] Caller+1	 at org.webpieces.router.impl.compression.CompressionDecider.isCompressableType(CompressionDecider.java:18)
 INFO: skipping compression for file due to extension=png and mimetype=MimeTypeResult [mime=image/png, htmlResponsePayloadEncoding=UTF-8]
2017-06-28 15:17:43,453 [Test worker] Caller+1	 at org.webpieces.router.impl.compression.CompressionDecider.isCompressableType(CompressionDecider.java:18)
 INFO: skipping compression for file due to extension=png and mimetype=MimeTypeResult [mime=image/png, htmlResponsePayloadEncoding=UTF-8]
2017-06-28 15:17:43,453 [Test worker] Caller+1	 at org.webpieces.router.impl.compression.CompressionDecider.isCompressableType(CompressionDecider.java:18)
 INFO: skipping compression for file due to extension=png and mimetype=MimeTypeResult [mime=image/png, htmlResponsePayloadEncoding=UTF-8]
2017-06-28 15:17:43,454 [Test worker] Caller+1	 at org.webpieces.router.impl.compression.CompressionDecider.isCompressableType(CompressionDecider.java:18)
 INFO: skipping compression for file due to extension=png and mimetype=MimeTypeResult [mime=image/png, htmlResponsePayloadEncoding=UTF-8]
2017-06-28 15:17:43,454 [Test worker] Caller+1	 at org.webpieces.router.impl.compression.CompressionDecider.isCompressableType(CompressionDecider.java:18)
 INFO: skipping compression for file due to extension=png and mimetype=MimeTypeResult [mime=image/png, htmlResponsePayloadEncoding=UTF-8]
2017-06-28 15:17:43,454 [Test worker] Caller+1	 at org.webpieces.router.impl.compression.CompressionDecider.isCompressableType(CompressionDecider.java:18)
 INFO: skipping compression for file due to extension=png and mimetype=MimeTypeResult [mime=image/png, htmlResponsePayloadEncoding=UTF-8]
2017-06-28 15:17:43,455 [Test worker] Caller+1	 at org.webpieces.router.impl.compression.CompressionDecider.isCompressableType(CompressionDecider.java:18)
 INFO: skipping compression for file due to extension=png and mimetype=MimeTypeResult [mime=image/png, htmlResponsePayloadEncoding=UTF-8]
2017-06-28 15:17:43,455 [Test worker] Caller+1	 at org.webpieces.router.impl.compression.CompressionDecider.isCompressableType(CompressionDecider.java:18)
 INFO: skipping compression for file due to extension=png and mimetype=MimeTypeResult [mime=image/png, htmlResponsePayloadEncoding=UTF-8]
2017-06-28 15:17:43,455 [Test worker] Caller+1	 at org.webpieces.router.impl.compression.CompressionDecider.isCompressableType(CompressionDecider.java:18)
 INFO: skipping compression for file due to extension=png and mimetype=MimeTypeResult [mime=image/png, htmlResponsePayloadEncoding=UTF-8]
2017-06-28 15:17:43,455 [Test worker] Caller+1	 at org.webpieces.router.impl.compression.CompressionDecider.isCompressableType(CompressionDecider.java:18)
 INFO: skipping compression for file due to extension=png and mimetype=MimeTypeResult [mime=image/png, htmlResponsePayloadEncoding=UTF-8]
2017-06-28 15:17:43,455 [Test worker] Caller+1	 at org.webpieces.router.impl.compression.CompressionDecider.isCompressableType(CompressionDecider.java:18)
 INFO: skipping compression for file due to extension=png and mimetype=MimeTypeResult [mime=image/png, htmlResponsePayloadEncoding=UTF-8]
2017-06-28 15:17:43,456 [Test worker] Caller+1	 at org.webpieces.router.impl.compression.CompressionDecider.isCompressableType(CompressionDecider.java:18)
 INFO: skipping compression for file due to extension=png and mimetype=MimeTypeResult [mime=image/png, htmlResponsePayloadEncoding=UTF-8]
2017-06-28 15:17:43,456 [Test worker] Caller+1	 at org.webpieces.router.impl.compression.CompressionDecider.isCompressableType(CompressionDecider.java:18)
 INFO: skipping compression for file due to extension=png and mimetype=MimeTypeResult [mime=image/png, htmlResponsePayloadEncoding=UTF-8]
2017-06-28 15:17:43,456 [Test worker] Caller+1	 at org.webpieces.router.impl.compression.CompressionDecider.isCompressableType(CompressionDecider.java:18)
 INFO: skipping compression for file due to extension=png and mimetype=MimeTypeResult [mime=image/png, htmlResponsePayloadEncoding=UTF-8]
2017-06-28 15:17:43,456 [Test worker] Caller+1	 at org.webpieces.router.impl.compression.CompressionDecider.isCompressableType(CompressionDecider.java:18)
 INFO: skipping compression for file due to extension=png and mimetype=MimeTypeResult [mime=image/png, htmlResponsePayloadEncoding=UTF-8]
2017-06-28 15:17:43,456 [Test worker] Caller+1	 at org.webpieces.router.impl.compression.CompressionDecider.isCompressableType(CompressionDecider.java:18)
 INFO: skipping compression for file due to extension=png and mimetype=MimeTypeResult [mime=image/png, htmlResponsePayloadEncoding=UTF-8]
2017-06-28 15:17:43,457 [Test worker] Caller+1	 at org.webpieces.router.impl.compression.CompressionDecider.isCompressableType(CompressionDecider.java:18)
 INFO: skipping compression for file due to extension=png and mimetype=MimeTypeResult [mime=image/png, htmlResponsePayloadEncoding=UTF-8]
2017-06-28 15:17:43,457 [Test worker] Caller+1	 at org.webpieces.router.impl.compression.CompressionDecider.isCompressableType(CompressionDecider.java:18)
 INFO: skipping compression for file due to extension=png and mimetype=MimeTypeResult [mime=image/png, htmlResponsePayloadEncoding=UTF-8]
2017-06-28 15:17:43,457 [Test worker] Caller+1	 at org.webpieces.router.impl.compression.CompressionDecider.isCompressableType(CompressionDecider.java:18)
 INFO: skipping compression for file due to extension=png and mimetype=MimeTypeResult [mime=image/png, htmlResponsePayloadEncoding=UTF-8]
2017-06-28 15:17:43,457 [Test worker] Caller+1	 at org.webpieces.router.impl.compression.CompressionDecider.isCompressableType(CompressionDecider.java:18)
 INFO: skipping compression for file due to extension=png and mimetype=MimeTypeResult [mime=image/png, htmlResponsePayloadEncoding=UTF-8]
2017-06-28 15:17:43,457 [Test worker] Caller+1	 at org.webpieces.router.impl.compression.CompressionDecider.isCompressableType(CompressionDecider.java:18)
 INFO: skipping compression for file due to extension=png and mimetype=MimeTypeResult [mime=image/png, htmlResponsePayloadEncoding=UTF-8]
2017-06-28 15:17:43,458 [Test worker] Caller+1	 at org.webpieces.router.impl.compression.CompressionDecider.isCompressableType(CompressionDecider.java:18)
 INFO: skipping compression for file due to extension=png and mimetype=MimeTypeResult [mime=image/png, htmlResponsePayloadEncoding=UTF-8]
2017-06-28 15:17:43,458 [Test worker] Caller+1	 at org.webpieces.router.impl.compression.CompressionDecider.isCompressableType(CompressionDecider.java:18)
 INFO: skipping compression for file due to extension=png and mimetype=MimeTypeResult [mime=image/png, htmlResponsePayloadEncoding=UTF-8]
2017-06-28 15:17:43,458 [Test worker] Caller+1	 at org.webpieces.router.impl.compression.CompressionDecider.isCompressableType(CompressionDecider.java:18)
 INFO: skipping compression for file due to extension=png and mimetype=MimeTypeResult [mime=image/png, htmlResponsePayloadEncoding=UTF-8]
2017-06-28 15:17:43,458 [Test worker] Caller+1	 at org.webpieces.router.impl.compression.CompressionDecider.isCompressableType(CompressionDecider.java:18)
 INFO: skipping compression for file due to extension=png and mimetype=MimeTypeResult [mime=image/png, htmlResponsePayloadEncoding=UTF-8]
2017-06-28 15:17:43,458 [Test worker] Caller+1	 at org.webpieces.router.impl.compression.CompressionDecider.isCompressableType(CompressionDecider.java:18)
 INFO: skipping compression for file due to extension=png and mimetype=MimeTypeResult [mime=image/png, htmlResponsePayloadEncoding=UTF-8]
2017-06-28 15:17:43,459 [Test worker] Caller+1	 at org.webpieces.router.impl.compression.CompressionDecider.isCompressableType(CompressionDecider.java:18)
 INFO: skipping compression for file due to extension=png and mimetype=MimeTypeResult [mime=image/png, htmlResponsePayloadEncoding=UTF-8]
[...]
2017-06-28 15:17:43,667 [Test worker] Caller+1	 at org.webpieces.router.impl.compression.ProdCompressionCacheSetup.maybeAddFileToCache(ProdCompressionCacheSetup.java:147)
 INFO: timestamp later than src so skipping writing to=/var/folders/jw/l5xv7p2n5zx2_c89l7vslcs00000gn/T/webpiecesCache/assets/primesTheme/assets/font-awesome/css/font-awesome.min.css.gz
2017-06-28 15:17:43,667 [Test worker] Caller+1	 at org.webpieces.router.impl.compression.CompressionDecider.isCompressableType(CompressionDecider.java:18)
 INFO: skipping compression for file due to extension=eot and mimetype=MimeTypeResult [mime=application/octet-stream, htmlResponsePayloadEncoding=UTF-8]
2017-06-28 15:17:43,667 [Test worker] Caller+1	 at org.webpieces.router.impl.compression.CompressionDecider.isCompressableType(CompressionDecider.java:18)
 INFO: skipping compression for file due to extension=svg and mimetype=MimeTypeResult [mime=image/svg+xml, htmlResponsePayloadEncoding=UTF-8]
2017-06-28 15:17:43,667 [Test worker] Caller+1	 at org.webpieces.router.impl.compression.CompressionDecider.isCompressableType(CompressionDecider.java:18)
 INFO: skipping compression for file due to extension=ttf and mimetype=MimeTypeResult [mime=application/octet-stream, htmlResponsePayloadEncoding=UTF-8]
2017-06-28 15:17:43,668 [Test worker] Caller+1	 at org.webpieces.router.impl.compression.CompressionDecider.isCompressableType(CompressionDecider.java:18)
 INFO: skipping compression for file due to extension=woff and mimetype=MimeTypeResult [mime=application/octet-stream, htmlResponsePayloadEncoding=UTF-8]
2017-06-28 15:17:43,668 [Test worker] Caller+1	 at org.webpieces.router.impl.compression.CompressionDecider.isCompressableType(CompressionDecider.java:18)
 INFO: skipping compression for file due to extension=woff2 and mimetype=MimeTypeResult [mime=application/octet-stream, htmlResponsePayloadEncoding=UTF-8]
2017-06-28 15:17:43,668 [Test worker] Caller+1	 at org.webpieces.router.impl.compression.CompressionDecider.isCompressableType(CompressionDecider.java:18)
 INFO: skipping compression for file due to extension=otf and mimetype=MimeTypeResult [mime=application/vnd.oasis.opendocument.formula-template, htmlResponsePayloadEncoding=UTF-8]
2017-06-28 15:17:43,668 [Test worker] Caller+1	 at org.webpieces.router.impl.compression.CompressionDecider.isCompressableType(CompressionDecider.java:18)
 INFO: skipping compression for file due to extension=jpg and mimetype=MimeTypeResult [mime=image/jpeg, htmlResponsePayloadEncoding=UTF-8]
2017-06-28 15:17:43,669 [Test worker] Caller+1	 at org.webpieces.router.impl.compression.CompressionDecider.isCompressableType(CompressionDecider.java:18)
 INFO: skipping compression for file due to extension=jpg and mimetype=MimeTypeResult [mime=image/jpeg, htmlResponsePayloadEncoding=UTF-8]
2017-06-28 15:17:43,669 [Test worker] Caller+1	 at org.webpieces.router.impl.compression.CompressionDecider.isCompressableType(CompressionDecider.java:18)
 INFO: skipping compression for file due to extension=jpg and mimetype=MimeTypeResult [mime=image/jpeg, htmlResponsePayloadEncoding=UTF-8]
2017-06-28 15:17:43,669 [Test worker] Caller+1	 at org.webpieces.router.impl.compression.CompressionDecider.isCompressableType(CompressionDecider.java:18)
 INFO: skipping compression for file due to extension=jpg and mimetype=MimeTypeResult [mime=image/jpeg, htmlResponsePayloadEncoding=UTF-8]
2017-06-28 15:17:43,669 [Test worker] Caller+1	 at org.webpieces.router.impl.compression.CompressionDecider.isCompressableType(CompressionDecider.java:18)
 INFO: skipping compression for file due to extension=jpg and mimetype=MimeTypeResult [mime=image/jpeg, htmlResponsePayloadEncoding=UTF-8]
2017-06-28 15:17:43,669 [Test worker] Caller+1	 at org.webpieces.router.impl.compression.CompressionDecider.isCompressableType(CompressionDecider.java:18)
 INFO: skipping compression for file due to extension=jpg and mimetype=MimeTypeResult [mime=image/jpeg, htmlResponsePayloadEncoding=UTF-8]
2017-06-28 15:17:43,670 [Test worker] Caller+1	 at org.webpieces.router.impl.compression.CompressionDecider.isCompressableType(CompressionDecider.java:18)
 INFO: skipping compression for file due to extension=jpg and mimetype=MimeTypeResult [mime=image/jpeg, htmlResponsePayloadEncoding=UTF-8]
2017-06-28 15:17:43,670 [Test worker] Caller+1	 at org.webpieces.router.impl.compression.CompressionDecider.isCompressableType(CompressionDecider.java:18)
 INFO: skipping compression for file due to extension=jpg and mimetype=MimeTypeResult [mime=image/jpeg, htmlResponsePayloadEncoding=UTF-8]
2017-06-28 15:17:43,670 [Test worker] Caller+1	 at org.webpieces.router.impl.compression.CompressionDecider.isCompressableType(CompressionDecider.java:18)
 INFO: skipping compression for file due to extension=jpg and mimetype=MimeTypeResult [mime=image/jpeg, htmlResponsePayloadEncoding=UTF-8]
2017-06-28 15:17:43,670 [Test worker] Caller+1	 at org.webpieces.router.impl.compression.CompressionDecider.isCompressableType(CompressionDecider.java:18)
 INFO: skipping compression for file due to extension=jpg and mimetype=MimeTypeResult [mime=image/jpeg, htmlResponsePayloadEncoding=UTF-8]
2017-06-28 15:17:43,670 [Test worker] Caller+1	 at org.webpieces.router.impl.compression.CompressionDecider.isCompressableType(CompressionDecider.java:18)
 INFO: skipping compression for file due to extension=jpg and mimetype=MimeTypeResult [mime=image/jpeg, htmlResponsePayloadEncoding=UTF-8]
2017-06-28 15:17:43,671 [Test worker] Caller+1	 at org.webpieces.router.impl.compression.CompressionDecider.isCompressableType(CompressionDecider.java:18)
 INFO: skipping compression for file due to extension=jpg and mimetype=MimeTypeResult [mime=image/jpeg, htmlResponsePayloadEncoding=UTF-8]
2017-06-28 15:17:43,671 [Test worker] Caller+1	 at org.webpieces.router.impl.compression.CompressionDecider.isCompressableType(CompressionDecider.java:18)
 INFO: skipping compression for file due to extension=jpg and mimetype=MimeTypeResult [mime=image/jpeg, htmlResponsePayloadEncoding=UTF-8]
2017-06-28 15:17:43,671 [Test worker] Caller+1	 at org.webpieces.router.impl.compression.CompressionDecider.isCompressableType(CompressionDecider.java:18)
 INFO: skipping compression for file due to extension=jpg and mimetype=MimeTypeResult [mime=image/jpeg, htmlResponsePayloadEncoding=UTF-8]
2017-06-28 15:17:43,671 [Test worker] Caller+1	 at org.webpieces.router.impl.compression.CompressionDecider.isCompressableType(CompressionDecider.java:18)
 INFO: skipping compression for file due to extension=jpg and mimetype=MimeTypeResult [mime=image/jpeg, htmlResponsePayloadEncoding=UTF-8]
2017-06-28 15:17:43,671 [Test worker] Caller+1	 at org.webpieces.router.impl.compression.CompressionDecider.isCompressableType(CompressionDecider.java:18)
 INFO: skipping compression for file due to extension=jpg and mimetype=MimeTypeResult [mime=image/jpeg, htmlResponsePayloadEncoding=UTF-8]
2017-06-28 15:17:43,671 [Test worker] Caller+1	 at org.webpieces.router.impl.compression.CompressionDecider.isCompressableType(CompressionDecider.java:18)
 INFO: skipping compression for file due to extension=jpg and mimetype=MimeTypeResult [mime=image/jpeg, htmlResponsePayloadEncoding=UTF-8]
2017-06-28 15:17:43,671 [Test worker] Caller+1	 at org.webpieces.router.impl.compression.CompressionDecider.isCompressableType(CompressionDecider.java:18)
 INFO: skipping compression for file due to extension=jpg and mimetype=MimeTypeResult [mime=image/jpeg, htmlResponsePayloadEncoding=UTF-8]
2017-06-28 15:17:43,672 [Test worker] Caller+1	 at org.webpieces.router.impl.compression.CompressionDecider.isCompressableType(CompressionDecider.java:18)
 INFO: skipping compression for file due to extension=jpg and mimetype=MimeTypeResult [mime=image/jpeg, htmlResponsePayloadEncoding=UTF-8]
2017-06-28 15:17:43,672 [Test worker] Caller+1	 at org.webpieces.router.impl.compression.CompressionDecider.isCompressableType(CompressionDecider.java:18)
 INFO: skipping compression for file due to extension=jpg and mimetype=MimeTypeResult [mime=image/jpeg, htmlResponsePayloadEncoding=UTF-8]
2017-06-28 15:17:43,672 [Test worker] Caller+1	 at org.webpieces.router.impl.compression.CompressionDecider.isCompressableType(CompressionDecider.java:18)
 INFO: skipping compression for file due to extension=jpg and mimetype=MimeTypeResult [mime=image/jpeg, htmlResponsePayloadEncoding=UTF-8]
2017-06-28 15:17:43,672 [Test worker] Caller+1	 at org.webpieces.router.impl.compression.CompressionDecider.isCompressableType(CompressionDecider.java:18)
 INFO: skipping compression for file due to extension=jpg and mimetype=MimeTypeResult [mime=image/jpeg, htmlResponsePayloadEncoding=UTF-8]
2017-06-28 15:17:43,672 [Test worker] Caller+1	 at org.webpieces.router.impl.compression.CompressionDecider.isCompressableType(CompressionDecider.java:18)
 INFO: skipping compression for file due to extension=jpg and mimetype=MimeTypeResult [mime=image/jpeg, htmlResponsePayloadEncoding=UTF-8]
2017-06-28 15:17:43,672 [Test worker] Caller+1	 at org.webpieces.router.impl.compression.CompressionDecider.isCompressableType(CompressionDecider.java:18)
 INFO: skipping compression for file due to extension=jpg and mimetype=MimeTypeResult [mime=image/jpeg, htmlResponsePayloadEncoding=UTF-8]
2017-06-28 15:17:43,673 [Test worker] Caller+1	 at org.webpieces.router.impl.compression.CompressionDecider.isCompressableType(CompressionDecider.java:18)
 INFO: skipping compression for file due to extension=jpg and mimetype=MimeTypeResult [mime=image/jpeg, htmlResponsePayloadEncoding=UTF-8]
2017-06-28 15:17:43,673 [Test worker] Caller+1	 at org.webpieces.router.impl.compression.ProdCompressionCacheSetup.maybeAddFileToCache(ProdCompressionCacheSetup.java:147)
 INFO: timestamp later than src so skipping writing to=/var/folders/jw/l5xv7p2n5zx2_c89l7vslcs00000gn/T/webpiecesCache/assets/primesTheme/assets/ionicons/css/ionicons.css.gz
2017-06-28 15:17:43,673 [Test worker] Caller+1	 at org.webpieces.router.impl.compression.ProdCompressionCacheSetup.maybeAddFileToCache(ProdCompressionCacheSetup.java:147)
 INFO: timestamp later than src so skipping writing to=/var/folders/jw/l5xv7p2n5zx2_c89l7vslcs00000gn/T/webpiecesCache/assets/primesTheme/assets/ionicons/css/ionicons.min.css.gz
2017-06-28 15:17:43,673 [Test worker] Caller+1	 at org.webpieces.router.impl.compression.CompressionDecider.isCompressableType(CompressionDecider.java:18)
 INFO: skipping compression for file due to extension=eot and mimetype=MimeTypeResult [mime=application/octet-stream, htmlResponsePayloadEncoding=UTF-8]
2017-06-28 15:17:43,674 [Test worker] Caller+1	 at org.webpieces.router.impl.compression.CompressionDecider.isCompressableType(CompressionDecider.java:18)
 INFO: skipping compression for file due to extension=svg and mimetype=MimeTypeResult [mime=image/svg+xml, htmlResponsePayloadEncoding=UTF-8]
2017-06-28 15:17:43,674 [Test worker] Caller+1	 at org.webpieces.router.impl.compression.CompressionDecider.isCompressableType(CompressionDecider.java:18)
 INFO: skipping compression for file due to extension=ttf and mimetype=MimeTypeResult [mime=application/octet-stream, htmlResponsePayloadEncoding=UTF-8]
2017-06-28 15:17:43,674 [Test worker] Caller+1	 at org.webpieces.router.impl.compression.CompressionDecider.isCompressableType(CompressionDecider.java:18)
 INFO: skipping compression for file due to extension=woff and mimetype=MimeTypeResult [mime=application/octet-stream, htmlResponsePayloadEncoding=UTF-8]
2017-06-28 15:17:43,674 [Test worker] Caller+1	 at org.webpieces.router.impl.compression.ProdCompressionCacheSetup.maybeAddFileToCache(ProdCompressionCacheSetup.java:147)
 INFO: timestamp later than src so skipping writing to=/var/folders/jw/l5xv7p2n5zx2_c89l7vslcs00000gn/T/webpiecesCache/assets/primesTheme/assets/js/cube.js.gz
2017-06-28 15:17:43,674 [Test worker] Caller+1	 at org.webpieces.router.impl.compression.ProdCompressionCacheSetup.maybeAddFileToCache(ProdCompressionCacheSetup.java:147)
 INFO: timestamp later than src so skipping writing to=/var/folders/jw/l5xv7p2n5zx2_c89l7vslcs00000gn/T/webpiecesCache/assets/primesTheme/assets/js/jquery-1.10.2.js.gz
2017-06-28 15:17:43,674 [Test worker] Caller+1	 at org.webpieces.router.impl.compression.ProdCompressionCacheSetup.maybeAddFileToCache(ProdCompressionCacheSetup.java:147)
 INFO: timestamp later than src so skipping writing to=/var/folders/jw/l5xv7p2n5zx2_c89l7vslcs00000gn/T/webpiecesCache/assets/primesTheme/assets/js/jquery-1.10.2.min.js.gz
2017-06-28 15:17:43,674 [Test worker] Caller+1	 at org.webpieces.router.impl.compression.ProdCompressionCacheSetup.maybeAddFileToCache(ProdCompressionCacheSetup.java:147)
 INFO: timestamp later than src so skipping writing to=/var/folders/jw/l5xv7p2n5zx2_c89l7vslcs00000gn/T/webpiecesCache/assets/primesTheme/assets/js/jquery.easing.1.3.min.js.gz
2017-06-28 15:17:43,675 [Test worker] Caller+1	 at org.webpieces.router.impl.compression.ProdCompressionCacheSetup.maybeAddFileToCache(ProdCompressionCacheSetup.java:147)
 INFO: timestamp later than src so skipping writing to=/var/folders/jw/l5xv7p2n5zx2_c89l7vslcs00000gn/T/webpiecesCache/assets/primesTheme/assets/js/jquery.stellar.min.js.gz
2017-06-28 15:17:43,675 [Test worker] Caller+1	 at org.webpieces.router.impl.compression.ProdCompressionCacheSetup.maybeAddFileToCache(ProdCompressionCacheSetup.java:147)
 INFO: timestamp later than src so skipping writing to=/var/folders/jw/l5xv7p2n5zx2_c89l7vslcs00000gn/T/webpiecesCache/assets/primesTheme/assets/js/main.js.gz
2017-06-28 15:17:43,675 [Test worker] Caller+1	 at org.webpieces.router.impl.compression.ProdCompressionCacheSetup.maybeAddFileToCache(ProdCompressionCacheSetup.java:147)
 INFO: timestamp later than src so skipping writing to=/var/folders/jw/l5xv7p2n5zx2_c89l7vslcs00000gn/T/webpiecesCache/assets/primesTheme/assets/js/retina-1.1.0.js.gz
2017-06-28 15:17:43,675 [Test worker] Caller+1	 at org.webpieces.router.impl.compression.ProdCompressionCacheSetup.maybeAddFileToCache(ProdCompressionCacheSetup.java:147)
 INFO: timestamp later than src so skipping writing to=/var/folders/jw/l5xv7p2n5zx2_c89l7vslcs00000gn/T/webpiecesCache/assets/primesTheme/assets/js/retina-1.1.0.min.js.gz
2017-06-28 15:17:43,675 [Test worker] Caller+1	 at org.webpieces.router.impl.compression.ProdCompressionCacheSetup.maybeAddFileToCache(ProdCompressionCacheSetup.java:147)
 INFO: timestamp later than src so skipping writing to=/var/folders/jw/l5xv7p2n5zx2_c89l7vslcs00000gn/T/webpiecesCache/assets/primesTheme/assets/js/script.js.gz
2017-06-28 15:17:43,675 [Test worker] Caller+1	 at org.webpieces.router.impl.compression.ProdCompressionCacheSetup.maybeAddFileToCache(ProdCompressionCacheSetup.java:147)
 INFO: timestamp later than src so skipping writing to=/var/folders/jw/l5xv7p2n5zx2_c89l7vslcs00000gn/T/webpiecesCache/assets/primesTheme/assets/owl-carousel/owl.carousel.css.gz
2017-06-28 15:17:43,676 [Test worker] Caller+1	 at org.webpieces.router.impl.compression.ProdCompressionCacheSetup.maybeAddFileToCache(ProdCompressionCacheSetup.java:147)
 INFO: timestamp later than src so skipping writing to=/var/folders/jw/l5xv7p2n5zx2_c89l7vslcs00000gn/T/webpiecesCache/assets/primesTheme/assets/owl-carousel/owl.carousel.min.js.gz
2017-06-28 15:17:43,676 [Test worker] Caller+1	 at org.webpieces.router.impl.compression.ProdCompressionCacheSetup.maybeAddFileToCache(ProdCompressionCacheSetup.java:147)
 INFO: timestamp later than src so skipping writing to=/var/folders/jw/l5xv7p2n5zx2_c89l7vslcs00000gn/T/webpiecesCache/assets/primesTheme/assets/owl-carousel/owl.theme.css.gz
2017-06-28 15:17:43,676 [Test worker] Caller+1	 at org.webpieces.router.impl.compression.ProdCompressionCacheSetup.maybeAddFileToCache(ProdCompressionCacheSetup.java:147)
 INFO: timestamp later than src so skipping writing to=/var/folders/jw/l5xv7p2n5zx2_c89l7vslcs00000gn/T/webpiecesCache/assets/primesTheme/index.html.gz
2017-06-28 15:17:43,676 [Test worker] Caller+1	 at org.webpieces.router.impl.compression.CompressionDecider.isCompressableType(CompressionDecider.java:18)
 INFO: skipping compression for file due to extension=jpg and mimetype=MimeTypeResult [mime=image/jpeg, htmlResponsePayloadEncoding=UTF-8]
2017-06-28 15:17:43,676 [Test worker] Caller+1	 at org.webpieces.router.impl.compression.ProdCompressionCacheSetup.createCache(ProdCompressionCacheSetup.java:67)
 INFO: setting up cache for file=/Users/pstover/workspace/feature-test-blog/featuretestapp/src/dist/public/favicon.ico
2017-06-28 15:17:43,676 [Test worker] Caller+1	 at org.webpieces.router.impl.compression.CompressionDecider.isCompressableType(CompressionDecider.java:18)
 INFO: skipping compression for file due to extension=ico and mimetype=MimeTypeResult [mime=image/x-icon, htmlResponsePayloadEncoding=UTF-8]
2017-06-28 15:17:43,676 [Test worker] Caller+1	 at org.webpieces.router.impl.compression.ProdCompressionCacheSetup.createCache(ProdCompressionCacheSetup.java:67)
 INFO: setting up cache for file=/Users/pstover/workspace/feature-test-blog/featuretestapp/src/dist/public/crud/fonts.css
2017-06-28 15:17:43,677 [Test worker] Caller+1	 at org.webpieces.router.impl.compression.ProdCompressionCacheSetup.maybeAddFileToCache(ProdCompressionCacheSetup.java:147)
 INFO: timestamp later than src so skipping writing to=/var/folders/jw/l5xv7p2n5zx2_c89l7vslcs00000gn/T/webpiecesCache/test.css/fonts.css.gz
2017-06-28 15:17:43,677 [Test worker] Caller+1	 at org.webpieces.router.impl.compression.ProdCompressionCacheSetup.setupCache(ProdCompressionCacheSetup.java:54)
 INFO: all cached directories setup
2017-06-28 15:17:43,677 [Test worker] Caller+1	 at org.webpieces.webserver.impl.WebServerImpl.validateRouteIdsFromHtmlFilesImpl(WebServerImpl.java:106)
 INFO: Not validating routeIds due to configuration
2017-06-28 15:17:43,677 [Test worker] Caller+1	 at org.webpieces.frontend2.impl.HttpServerImpl.start(HttpServerImpl.java:31)
 INFO: starting to listen to port=0.0.0.0/0.0.0.0:8080
2017-06-28 15:17:43,677 [Test worker] Caller+1	 at org.webpieces.frontend2.impl.HttpServerImpl.start(HttpServerImpl.java:31)
 INFO: starting to listen to port=0.0.0.0/0.0.0.0:8443
2017-06-28 15:17:43,678 [selectorThread] Caller+1	 at org.webpieces.frontend2.impl.HttpServerImpl.lambda$start$0(HttpServerImpl.java:37)
 INFO: now listening for incoming requests on /0:0:0:0:0:0:0:0:8080
2017-06-28 15:17:43,678 [selectorThread] Caller+1	 at org.webpieces.frontend2.impl.HttpServerImpl.lambda$start$0(HttpServerImpl.java:37)
 INFO: now listening for incoming requests on /0:0:0:0:0:0:0:0:8443
2017-06-28 15:17:43,678 [selectorThread] Caller+1	 at org.webpieces.webserver.impl.WebServerImpl.lambda$startAsync$1(WebServerImpl.java:89)
 INFO: server started
bound port=/0:0:0:0:0:0:0:0:8080
]]></system-out>
  <system-err><![CDATA[2017-06-28 15:17:43,333 [Test worker] Caller+1	 at org.hibernate.jpa.boot.internal.EntityManagerFactoryBuilderImpl.<init>(EntityManagerFactoryBuilderImpl.java:202)
 WARN: HHH000059: Defining hibernate.transaction.flush_before_completion=true ignored in HEM
2017-06-28 15:17:43,341 [Test worker] Caller+1	 at org.hibernate.boot.registry.internal.StandardServiceRegistryImpl.configureService(StandardServiceRegistryImpl.java:94)
 WARN: HHH10001002: Using Hibernate built-in connection pool (not for production use!)
2017-06-28 15:17:43,549 [Test worker] Caller+1	 at org.hibernate.jpa.boot.internal.EntityManagerFactoryBuilderImpl.<init>(EntityManagerFactoryBuilderImpl.java:202)
 WARN: HHH000059: Defining hibernate.transaction.flush_before_completion=true ignored in HEM
2017-06-28 15:17:43,556 [Test worker] Caller+1	 at org.hibernate.boot.registry.internal.StandardServiceRegistryImpl.configureService(StandardServiceRegistryImpl.java:94)
 WARN: HHH10001002: Using Hibernate built-in connection pool (not for production use!)
]]></system-err>
</testsuite>
